#
# There is insufficient memory for the Java Runtime Environment to continue.
# Native memory allocation (malloc) failed to allocate 65552 bytes for Chunk::new
# Possible reasons:
#   The system is out of physical RAM or swap space
#   In 32 bit mode, the process size limit was hit
# Possible solutions:
#   Reduce memory load on the system
#   Increase physical memory or swap space
#   Check if swap backing store is full
#   Use 64 bit Java on a 64 bit OS
#   Decrease Java heap size (-Xmx/-Xms)
#   Decrease number of Java threads
#   Decrease Java thread stack sizes (-Xss)
#   Set larger code cache with -XX:ReservedCodeCacheSize=
# This output file may be truncated or incomplete.
#
#  Out of Memory Error (allocation.cpp:390), pid=5676, tid=0x0000000000002c90
#
# JRE version: Java(TM) SE Runtime Environment (8.0_171-b11) (build 1.8.0_171-b11)
# Java VM: Java HotSpot(TM) 64-Bit Server VM (25.171-b11 mixed mode windows-amd64 compressed oops)
# Failed to write core dump. Minidumps are not enabled by default on client versions of Windows
#

---------------  T H R E A D  ---------------

Current thread (0x000000001991c000):  JavaThread "C2 CompilerThread0" daemon [_thread_in_native, id=11408, stack(0x000000001b080000,0x000000001b180000)]

Stack: [0x000000001b080000,0x000000001b180000]
[error occurred during error reporting (printing stack bounds), id 0xc0000005]

Native frames: (J=compiled Java code, j=interpreted, Vv=VM code, C=native code)


Current CompileTask:
C2:  39840 1148       4       com.github.jaiimageio.impl.plugins.tiff.TIFFImageWriter::writeTile (3310 bytes)


---------------  P R O C E S S  ---------------

Java Threads: ( => current thread )
  0x000000001c1bd000 JavaThread "Java2D Disposer" daemon [_thread_blocked, id=4644, stack(0x000000001c700000,0x000000001c800000)]
  0x000000001997e800 JavaThread "Service Thread" daemon [_thread_blocked, id=15588, stack(0x000000001b780000,0x000000001b880000)]
  0x0000000019925800 JavaThread "C1 CompilerThread2" daemon [_thread_blocked, id=11748, stack(0x000000001b280000,0x000000001b380000)]
  0x0000000019920800 JavaThread "C2 CompilerThread1" daemon [_thread_in_native, id=13036, stack(0x000000001b180000,0x000000001b280000)]
=>0x000000001991c000 JavaThread "C2 CompilerThread0" daemon [_thread_in_native, id=11408, stack(0x000000001b080000,0x000000001b180000)]
  0x0000000019928000 JavaThread "Attach Listener" daemon [_thread_blocked, id=5108, stack(0x000000001af80000,0x000000001b080000)]
  0x0000000019927000 JavaThread "Signal Dispatcher" daemon [_thread_blocked, id=14104, stack(0x000000001ae80000,0x000000001af80000)]
  0x0000000004dbe800 JavaThread "Finalizer" daemon [_thread_blocked, id=7724, stack(0x000000001ab90000,0x000000001ac90000)]
  0x0000000004db3800 JavaThread "Reference Handler" daemon [_thread_blocked, id=5884, stack(0x000000001aa90000,0x000000001ab90000)]
  0x0000000004cc2800 JavaThread "main" [_thread_in_native, id=2388, stack(0x0000000004b30000,0x0000000004c30000)]

Other Threads:
  0x00000000198e8000 VMThread [stack: 0x000000001a990000,0x000000001aa90000] [id=16360]
  0x000000001b3a6800 WatcherThread [stack: 0x000000001b880000,0x000000001b980000] [id=16312]

VM state:not at safepoint (normal execution)

VM Mutex/Monitor currently owned by a thread: None

Heap:
 PSYoungGen      total 406016K, used 185820K [0x00000000d5d00000, 0x00000000f1480000, 0x0000000100000000)
  eden space 363008K, 39% used [0x00000000d5d00000,0x00000000de9c2ba8,0x00000000ebf80000)
  from space 43008K, 96% used [0x00000000ebf80000,0x00000000ee834470,0x00000000ee980000)
  to   space 44032K, 0% used [0x00000000ee980000,0x00000000ee980000,0x00000000f1480000)
 ParOldGen       total 360448K, used 188406K [0x0000000081600000, 0x0000000097600000, 0x00000000d5d00000)
  object space 360448K, 52% used [0x0000000081600000,0x000000008cdfd898,0x0000000097600000)
 Metaspace       used 12048K, capacity 12134K, committed 12160K, reserved 1060864K
  class space    used 1360K, capacity 1403K, committed 1408K, reserved 1048576K

Card table byte_map: [0x0000000014180000,0x0000000014580000] byte_map_base: 0x0000000013d75000

Marking Bits: (ParMarkBitMap*) 0x000000006ab708c0
 Begin Bits: [0x0000000014c30000, 0x0000000016bd8000)
 End Bits:   [0x0000000016bd8000, 0x0000000018b80000)

Polling page: 0x0000000004b10000

CodeCache: size=245760Kb used=4673Kb max_used=4686Kb free=241086Kb
 bounds [0x0000000004dc0000, 0x0000000005260000, 0x0000000013dc0000]
 total_blobs=1617 nmethods=1131 adapters=399
 compilation: enabled

Compilation events (10 events):
Event: 39.810 Thread 0x000000001991c000 nmethod 1147 0x000000000521add0 code [0x000000000521af00, 0x000000000521af98]
Event: 39.810 Thread 0x000000001991c000 1148       4       com.github.jaiimageio.impl.plugins.tiff.TIFFImageWriter::writeTile (3310 bytes)
Event: 39.811 Thread 0x0000000019920800 nmethod 1141 0x0000000005220350 code [0x00000000052204e0, 0x0000000005221bd8]
Event: 39.816 Thread 0x0000000019925800 1149       1       java.awt.image.ComponentSampleModel::getScanlineStride (5 bytes)
Event: 39.816 Thread 0x0000000019925800 nmethod 1149 0x0000000005220090 code [0x00000000052201e0, 0x00000000052202f0]
Event: 39.816 Thread 0x0000000019925800 1150       1       java.awt.image.ComponentSampleModel::getPixelStride (5 bytes)
Event: 39.816 Thread 0x0000000019925800 nmethod 1150 0x000000000521fdd0 code [0x000000000521ff20, 0x0000000005220030]
Event: 39.832 Thread 0x0000000019925800 1151       3       java.util.Stack::push (7 bytes)
Event: 39.832 Thread 0x0000000019925800 nmethod 1151 0x0000000005252c10 code [0x0000000005252d80, 0x0000000005252fa8]
Event: 39.835 Thread 0x0000000019920800 1152   !   4       java.util.zip.Deflater::deflate (140 bytes)

GC Heap History (10 events):
Event: 23.297 GC heap before
{Heap before GC invocations=18 (full 4):
 PSYoungGen      total 254976K, used 246263K [0x00000000d5d00000, 0x00000000eb200000, 0x0000000100000000)
  eden space 226304K, 97% used [0x00000000d5d00000,0x00000000e33a2d48,0x00000000e3a00000)
  from space 28672K, 92% used [0x00000000e3a00000,0x00000000e53db270,0x00000000e5600000)
  to   space 33280K, 0% used [0x00000000e9180000,0x00000000e9180000,0x00000000eb200000)
 ParOldGen       total 280064K, used 135761K [0x0000000081600000, 0x0000000092780000, 0x00000000d5d00000)
  object space 280064K, 48% used [0x0000000081600000,0x0000000089a946a0,0x0000000092780000)
 Metaspace       used 11590K, capacity 11686K, committed 11904K, reserved 1060864K
  class space    used 1284K, capacity 1339K, committed 1408K, reserved 1048576K
Event: 23.311 GC heap after
Heap after GC invocations=18 (full 4):
 PSYoungGen      total 311296K, used 30236K [0x00000000d5d00000, 0x00000000eb880000, 0x0000000100000000)
  eden space 278016K, 0% used [0x00000000d5d00000,0x00000000d5d00000,0x00000000e6c80000)
  from space 33280K, 90% used [0x00000000e9180000,0x00000000eaf07080,0x00000000eb200000)
  to   space 37888K, 0% used [0x00000000e6c80000,0x00000000e6c80000,0x00000000e9180000)
 ParOldGen       total 280064K, used 139529K [0x0000000081600000, 0x0000000092780000, 0x00000000d5d00000)
  object space 280064K, 49% used [0x0000000081600000,0x0000000089e424b0,0x0000000092780000)
 Metaspace       used 11590K, capacity 11686K, committed 11904K, reserved 1060864K
  class space    used 1284K, capacity 1339K, committed 1408K, reserved 1048576K
}
Event: 27.392 GC heap before
{Heap before GC invocations=19 (full 4):
 PSYoungGen      total 311296K, used 308252K [0x00000000d5d00000, 0x00000000eb880000, 0x0000000100000000)
  eden space 278016K, 100% used [0x00000000d5d00000,0x00000000e6c80000,0x00000000e6c80000)
  from space 33280K, 90% used [0x00000000e9180000,0x00000000eaf07080,0x00000000eb200000)
  to   space 37888K, 0% used [0x00000000e6c80000,0x00000000e6c80000,0x00000000e9180000)
 ParOldGen       total 280064K, used 139529K [0x0000000081600000, 0x0000000092780000, 0x00000000d5d00000)
  object space 280064K, 49% used [0x0000000081600000,0x0000000089e424b0,0x0000000092780000)
 Metaspace       used 11597K, capacity 11750K, committed 11904K, reserved 1060864K
  class space    used 1284K, capacity 1339K, committed 1408K, reserved 1048576K
Event: 27.467 GC heap after
Heap after GC invocations=19 (full 4):
 PSYoungGen      total 315904K, used 37851K [0x00000000d5d00000, 0x00000000f1500000, 0x0000000100000000)
  eden space 278016K, 0% used [0x00000000d5d00000,0x00000000d5d00000,0x00000000e6c80000)
  from space 37888K, 99% used [0x00000000e6c80000,0x00000000e9176ca0,0x00000000e9180000)
  to   space 44544K, 0% used [0x00000000ee980000,0x00000000ee980000,0x00000000f1500000)
 ParOldGen       total 280064K, used 241447K [0x0000000081600000, 0x0000000092780000, 0x00000000d5d00000)
  object space 280064K, 86% used [0x0000000081600000,0x00000000901c9d70,0x0000000092780000)
 Metaspace       used 11597K, capacity 11750K, committed 11904K, reserved 1060864K
  class space    used 1284K, capacity 1339K, committed 1408K, reserved 1048576K
}
Event: 27.467 GC heap before
{Heap before GC invocations=20 (full 5):
 PSYoungGen      total 315904K, used 37851K [0x00000000d5d00000, 0x00000000f1500000, 0x0000000100000000)
  eden space 278016K, 0% used [0x00000000d5d00000,0x00000000d5d00000,0x00000000e6c80000)
  from space 37888K, 99% used [0x00000000e6c80000,0x00000000e9176ca0,0x00000000e9180000)
  to   space 44544K, 0% used [0x00000000ee980000,0x00000000ee980000,0x00000000f1500000)
 ParOldGen       total 280064K, used 241447K [0x0000000081600000, 0x0000000092780000, 0x00000000d5d00000)
  object space 280064K, 86% used [0x0000000081600000,0x00000000901c9d70,0x0000000092780000)
 Metaspace       used 11597K, capacity 11750K, committed 11904K, reserved 1060864K
  class space    used 1284K, capacity 1339K, committed 1408K, reserved 1048576K
Event: 27.487 GC heap after
Heap after GC invocations=20 (full 5):
 PSYoungGen      total 315904K, used 0K [0x00000000d5d00000, 0x00000000f1500000, 0x0000000100000000)
  eden space 278016K, 0% used [0x00000000d5d00000,0x00000000d5d00000,0x00000000e6c80000)
  from space 37888K, 0% used [0x00000000e6c80000,0x00000000e6c80000,0x00000000e9180000)
  to   space 44544K, 0% used [0x00000000ee980000,0x00000000ee980000,0x00000000f1500000)
 ParOldGen       total 360448K, used 101668K [0x0000000081600000, 0x0000000097600000, 0x00000000d5d00000)
  object space 360448K, 28% used [0x0000000081600000,0x00000000879491c8,0x0000000097600000)
 Metaspace       used 11597K, capacity 11750K, committed 11904K, reserved 1060864K
  class space    used 1284K, capacity 1339K, committed 1408K, reserved 1048576K
}
Event: 31.946 GC heap before
{Heap before GC invocations=21 (full 5):
 PSYoungGen      total 315904K, used 268920K [0x00000000d5d00000, 0x00000000f1500000, 0x0000000100000000)
  eden space 278016K, 96% used [0x00000000d5d00000,0x00000000e639e178,0x00000000e6c80000)
  from space 37888K, 0% used [0x00000000e6c80000,0x00000000e6c80000,0x00000000e9180000)
  to   space 44544K, 0% used [0x00000000ee980000,0x00000000ee980000,0x00000000f1500000)
 ParOldGen       total 360448K, used 101668K [0x0000000081600000, 0x0000000097600000, 0x00000000d5d00000)
  object space 360448K, 28% used [0x0000000081600000,0x00000000879491c8,0x0000000097600000)
 Metaspace       used 11602K, capacity 11750K, committed 11904K, reserved 1060864K
  class space    used 1284K, capacity 1339K, committed 1408K, reserved 1048576K
Event: 31.959 GC heap after
Heap after GC invocations=21 (full 5):
 PSYoungGen      total 407040K, used 18957K [0x00000000d5d00000, 0x00000000f1480000, 0x0000000100000000)
  eden space 363008K, 0% used [0x00000000d5d00000,0x00000000d5d00000,0x00000000ebf80000)
  from space 44032K, 43% used [0x00000000ee980000,0x00000000efc03650,0x00000000f1480000)
  to   space 43008K, 0% used [0x00000000ebf80000,0x00000000ebf80000,0x00000000ee980000)
 ParOldGen       total 360448K, used 101668K [0x0000000081600000, 0x0000000097600000, 0x00000000d5d00000)
  object space 360448K, 28% used [0x0000000081600000,0x00000000879491c8,0x0000000097600000)
 Metaspace       used 11602K, capacity 11750K, committed 11904K, reserved 1060864K
  class space    used 1284K, capacity 1339K, committed 1408K, reserved 1048576K
}
Event: 37.337 GC heap before
{Heap before GC invocations=22 (full 5):
 PSYoungGen      total 407040K, used 381602K [0x00000000d5d00000, 0x00000000f1480000, 0x0000000100000000)
  eden space 363008K, 99% used [0x00000000d5d00000,0x00000000ebf25228,0x00000000ebf80000)
  from space 44032K, 43% used [0x00000000ee980000,0x00000000efc03650,0x00000000f1480000)
  to   space 43008K, 0% used [0x00000000ebf80000,0x00000000ebf80000,0x00000000ee980000)
 ParOldGen       total 360448K, used 101668K [0x0000000081600000, 0x0000000097600000, 0x00000000d5d00000)
  object space 360448K, 28% used [0x0000000081600000,0x00000000879491c8,0x0000000097600000)
 Metaspace       used 11614K, capacity 11814K, committed 11904K, reserved 1060864K
  class space    used 1284K, capacity 1339K, committed 1408K, reserved 1048576K
Event: 37.388 GC heap after
Heap after GC invocations=22 (full 5):
 PSYoungGen      total 406016K, used 41681K [0x00000000d5d00000, 0x00000000f1480000, 0x0000000100000000)
  eden space 363008K, 0% used [0x00000000d5d00000,0x00000000d5d00000,0x00000000ebf80000)
  from space 43008K, 96% used [0x00000000ebf80000,0x00000000ee834470,0x00000000ee980000)
  to   space 44032K, 0% used [0x00000000ee980000,0x00000000ee980000,0x00000000f1480000)
 ParOldGen       total 360448K, used 188406K [0x0000000081600000, 0x0000000097600000, 0x00000000d5d00000)
  object space 360448K, 52% used [0x0000000081600000,0x000000008cdfd898,0x0000000097600000)
 Metaspace       used 11614K, capacity 11814K, committed 11904K, reserved 1060864K
  class space    used 1284K, capacity 1339K, committed 1408K, reserved 1048576K
}

Deoptimization events (10 events):
Event: 0.991 Thread 0x0000000004cc2800 Uncommon trap: reason=unstable_if action=reinterpret pc=0x00000000050d25f8 method=org.apache.pdfbox.filter.CCITTFaxDecoderStream.getNextChangingElement(IZ)I @ 41
Event: 1.670 Thread 0x0000000004cc2800 Uncommon trap: reason=unstable_if action=reinterpret pc=0x00000000050e8d8c method=org.apache.pdfbox.io.ScratchFileBuffer.isEOF()Z @ 19
Event: 2.725 Thread 0x0000000004cc2800 Uncommon trap: reason=unstable_if action=reinterpret pc=0x000000000515cc60 method=com.sun.imageio.plugins.png.PNGImageWriter.encodePass(Ljavax/imageio/stream/ImageOutputStream;Ljava/awt/image/RenderedImage;IIII)V @ 303
Event: 2.749 Thread 0x0000000004cc2800 Uncommon trap: reason=unstable_if action=reinterpret pc=0x00000000051638d4 method=sun.awt.image.IntegerComponentRaster.verify()V @ 243
Event: 2.781 Thread 0x0000000004cc2800 Uncommon trap: reason=unstable_if action=reinterpret pc=0x00000000051036e4 method=org.apache.pdfbox.io.ScratchFileBuffer.seek(J)V @ 60
Event: 4.470 Thread 0x0000000004cc2800 Uncommon trap: reason=unstable_if action=reinterpret pc=0x00000000050f0720 method=org.apache.pdfbox.io.ScratchFileBuffer.seek(J)V @ 60
Event: 39.751 Thread 0x0000000004cc2800 Uncommon trap: reason=class_check action=maybe_recompile pc=0x000000000519118c method=java.awt.image.BufferedImage.getData(Ljava/awt/Rectangle;)Ljava/awt/image/Raster; @ 17
Event: 39.755 Thread 0x0000000004cc2800 Uncommon trap: reason=class_check action=maybe_recompile pc=0x000000000519118c method=java.awt.image.BufferedImage.getData(Ljava/awt/Rectangle;)Ljava/awt/image/Raster; @ 17
Event: 39.758 Thread 0x0000000004cc2800 Uncommon trap: reason=class_check action=maybe_recompile pc=0x000000000519118c method=java.awt.image.BufferedImage.getData(Ljava/awt/Rectangle;)Ljava/awt/image/Raster; @ 17
Event: 39.762 Thread 0x0000000004cc2800 Uncommon trap: reason=class_check action=maybe_recompile pc=0x000000000519118c method=java.awt.image.BufferedImage.getData(Ljava/awt/Rectangle;)Ljava/awt/image/Raster; @ 17

Classes redefined (0 events):
No events

Internal exceptions (10 events):
Event: 0.282 Thread 0x0000000004cc2800 Exception <a 'java/io/FileNotFoundException'> (0x00000000d60a3c70) thrown at [C:\re\workspace\8-2-build-windows-amd64-cygwin\jdk8u171\10807\hotspot\src\share\vm\prims\jni.cpp, line 709]
Event: 0.580 Thread 0x0000000004cc2800 Exception <a 'java/lang/UnsatisfiedLinkError': The specified module could not be found.
> (0x00000000d6412ef8) thrown at [C:\re\workspace\8-2-build-windows-amd64-cygwin\jdk8u171\10807\hotspot\src\share\vm\prims\jni.cpp, line 735]
Event: 0.581 Thread 0x0000000004cc2800 Exception <a 'java/lang/UnsatisfiedLinkError': The specified module could not be found.
> (0x00000000d6413238) thrown at [C:\re\workspace\8-2-build-windows-amd64-cygwin\jdk8u171\10807\hotspot\src\share\vm\prims\jni.cpp, line 735]
Event: 0.582 Thread 0x0000000004cc2800 Exception <a 'java/lang/UnsatisfiedLinkError': The specified module could not be found.
> (0x00000000d6413600) thrown at [C:\re\workspace\8-2-build-windows-amd64-cygwin\jdk8u171\10807\hotspot\src\share\vm\prims\jni.cpp, line 735]
Event: 0.582 Thread 0x0000000004cc2800 Exception <a 'java/lang/UnsatisfiedLinkError'> (0x00000000d6425378) thrown at [C:\re\workspace\8-2-build-windows-amd64-cygwin\jdk8u171\10807\hotspot\src\share\vm\oops\instanceKlass.cpp, line 959]
Event: 0.585 Thread 0x0000000004cc2800 Exception <a 'java/lang/NoSuchMethodError': org.slf4j.impl.StaticMDCBinder.getSingleton()Lorg/slf4j/impl/StaticMDCBinder;> (0x00000000d644bdc8) thrown at [C:\re\workspace\8-2-build-windows-amd64-cygwin\jdk8u171\10807\hotspot\src\share\vm\interpreter\linkR
Event: 0.618 Thread 0x0000000004cc2800 Exception <a 'java/io/FileNotFoundException'> (0x00000000d6691320) thrown at [C:\re\workspace\8-2-build-windows-amd64-cygwin\jdk8u171\10807\hotspot\src\share\vm\prims\jni.cpp, line 709]
Event: 0.648 Thread 0x0000000004cc2800 Exception <a 'java/lang/NoSuchFieldError': method resolution failed> (0x00000000d6761558) thrown at [C:\re\workspace\8-2-build-windows-amd64-cygwin\jdk8u171\10807\hotspot\src\share\vm\prims\methodHandles.cpp, line 1167]
Event: 0.650 Thread 0x0000000004cc2800 Exception <a 'java/lang/NoSuchFieldError': method resolution failed> (0x00000000d676ec78) thrown at [C:\re\workspace\8-2-build-windows-amd64-cygwin\jdk8u171\10807\hotspot\src\share\vm\prims\methodHandles.cpp, line 1167]
Event: 0.842 Thread 0x0000000004cc2800 Exception <a 'java/io/FileNotFoundException'> (0x00000000d6cfcef8) thrown at [C:\re\workspace\8-2-build-windows-amd64-cygwin\jdk8u171\10807\hotspot\src\share\vm\prims\jni.cpp, line 709]

Events (10 events):
Event: 39.833 Thread 0x0000000004cc2800 DEOPT PACKING pc=0x00000000052447f7 sp=0x0000000004c2ecd0
Event: 39.833 Thread 0x0000000004cc2800 DEOPT UNPACKING pc=0x0000000004e07890 sp=0x0000000004c2eaf8 mode 0
Event: 39.834 Thread 0x0000000004cc2800 DEOPT PACKING pc=0x00000000052447f7 sp=0x0000000004c2ecd0
Event: 39.834 Thread 0x0000000004cc2800 DEOPT UNPACKING pc=0x0000000004e07890 sp=0x0000000004c2eaf8 mode 0
Event: 39.835 Thread 0x0000000004cc2800 DEOPT PACKING pc=0x00000000052447f7 sp=0x0000000004c2ecd0
Event: 39.835 Thread 0x0000000004cc2800 DEOPT UNPACKING pc=0x0000000004e07890 sp=0x0000000004c2eaf8 mode 0
Event: 39.836 Thread 0x0000000004cc2800 DEOPT PACKING pc=0x00000000052447f7 sp=0x0000000004c2ecd0
Event: 39.836 Thread 0x0000000004cc2800 DEOPT UNPACKING pc=0x0000000004e07890 sp=0x0000000004c2eaf8 mode 0
Event: 39.837 Thread 0x0000000004cc2800 DEOPT PACKING pc=0x00000000052447f7 sp=0x0000000004c2ecd0
Event: 39.837 Thread 0x0000000004cc2800 DEOPT UNPACKING pc=0x0000000004e07890 sp=0x0000000004c2eaf8 mode 0


Dynamic libraries:
0x00007ff693240000 - 0x00007ff693277000 	C:\Program Files\Java\jre1.8.0_171\bin\javaw.exe
0x00007fffcb910000 - 0x00007fffcbaf0000 	C:\WINDOWS\SYSTEM32\ntdll.dll
0x00007fffcb650000 - 0x00007fffcb6fe000 	C:\WINDOWS\System32\KERNEL32.DLL
0x00007fffc7d30000 - 0x00007fffc7f96000 	C:\WINDOWS\System32\KERNELBASE.dll
0x00007fffcb340000 - 0x00007fffcb3e1000 	C:\WINDOWS\System32\ADVAPI32.dll
0x00007fffcae50000 - 0x00007fffcaeed000 	C:\WINDOWS\System32\msvcrt.dll
0x00007fffca3a0000 - 0x00007fffca3fb000 	C:\WINDOWS\System32\sechost.dll
0x00007fffca8b0000 - 0x00007fffca9cf000 	C:\WINDOWS\System32\RPCRT4.dll
0x00007fffcabc0000 - 0x00007fffcad4f000 	C:\WINDOWS\System32\USER32.dll
0x00007fffc7d10000 - 0x00007fffc7d30000 	C:\WINDOWS\System32\win32u.dll
0x00007fffcae20000 - 0x00007fffcae48000 	C:\WINDOWS\System32\GDI32.dll
0x00007fffc87c0000 - 0x00007fffc8953000 	C:\WINDOWS\System32\gdi32full.dll
0x00007fffc8b10000 - 0x00007fffc8bab000 	C:\WINDOWS\System32\msvcp_win.dll
0x00007fffc8a10000 - 0x00007fffc8b06000 	C:\WINDOWS\System32\ucrtbase.dll
0x00007fffb7fe0000 - 0x00007fffb8249000 	C:\WINDOWS\WinSxS\amd64_microsoft.windows.common-controls_6595b64144ccf1df_6.0.16299.492_none_15c8d3609364b9b0\COMCTL32.dll
0x00007fffca5a0000 - 0x00007fffca8a7000 	C:\WINDOWS\System32\combase.dll
0x00007fffc86f0000 - 0x00007fffc8762000 	C:\WINDOWS\System32\bcryptPrimitives.dll
0x00007fffca570000 - 0x00007fffca59d000 	C:\WINDOWS\System32\IMM32.DLL
0x000000006a0c0000 - 0x000000006a192000 	C:\Program Files\Java\jre1.8.0_171\bin\msvcr100.dll
0x000000006a350000 - 0x000000006abf0000 	C:\Program Files\Java\jre1.8.0_171\bin\server\jvm.dll
0x00007fffcb760000 - 0x00007fffcb768000 	C:\WINDOWS\System32\PSAPI.DLL
0x00007fffc4160000 - 0x00007fffc4169000 	C:\WINDOWS\SYSTEM32\WSOCK32.dll
0x00007fffc5c40000 - 0x00007fffc5c63000 	C:\WINDOWS\SYSTEM32\WINMM.dll
0x00007fffc8de0000 - 0x00007fffc8e4c000 	C:\WINDOWS\System32\WS2_32.dll
0x00007fffb6b60000 - 0x00007fffb6b6a000 	C:\WINDOWS\SYSTEM32\VERSION.dll
0x00007fffc5c10000 - 0x00007fffc5c3a000 	C:\WINDOWS\SYSTEM32\WINMMBASE.dll
0x00007fffc8770000 - 0x00007fffc87ba000 	C:\WINDOWS\System32\cfgmgr32.dll
0x000000006a260000 - 0x000000006a26f000 	C:\Program Files\Java\jre1.8.0_171\bin\verify.dll
0x000000006a230000 - 0x000000006a259000 	C:\Program Files\Java\jre1.8.0_171\bin\java.dll
0x000000006a210000 - 0x000000006a226000 	C:\Program Files\Java\jre1.8.0_171\bin\zip.dll
0x00007fffc8f60000 - 0x00007fffca398000 	C:\WINDOWS\System32\SHELL32.dll
0x00007fffcad70000 - 0x00007fffcae16000 	C:\WINDOWS\System32\shcore.dll
0x00007fffc7fa0000 - 0x00007fffc86e7000 	C:\WINDOWS\System32\windows.storage.dll
0x00007fffcb5f0000 - 0x00007fffcb641000 	C:\WINDOWS\System32\shlwapi.dll
0x00007fffc7cd0000 - 0x00007fffc7ce1000 	C:\WINDOWS\System32\kernel.appcore.dll
0x00007fffc7c60000 - 0x00007fffc7cac000 	C:\WINDOWS\System32\powrprof.dll
0x00007fffc7cb0000 - 0x00007fffc7ccb000 	C:\WINDOWS\System32\profapi.dll
0x00007fffc7650000 - 0x00007fffc7667000 	C:\WINDOWS\SYSTEM32\CRYPTSP.dll
0x00007fffc7090000 - 0x00007fffc70c3000 	C:\WINDOWS\system32\rsaenh.dll
0x00007fffc77c0000 - 0x00007fffc77e5000 	C:\WINDOWS\SYSTEM32\bcrypt.dll
0x00007fffc7b90000 - 0x00007fffc7bb9000 	C:\WINDOWS\SYSTEM32\USERENV.dll
0x00007fffc7670000 - 0x00007fffc767b000 	C:\WINDOWS\SYSTEM32\CRYPTBASE.dll
0x000000006a1f0000 - 0x000000006a20a000 	C:\Program Files\Java\jre1.8.0_171\bin\net.dll
0x00007fffc7490000 - 0x00007fffc74f6000 	C:\WINDOWS\system32\mswsock.dll
0x00007fffc7220000 - 0x00007fffc7259000 	C:\WINDOWS\SYSTEM32\IPHLPAPI.DLL
0x00007fffcad50000 - 0x00007fffcad58000 	C:\WINDOWS\System32\NSI.dll
0x00007fffc10f0000 - 0x00007fffc1106000 	C:\WINDOWS\SYSTEM32\dhcpcsvc6.DLL
0x00007fffc2170000 - 0x00007fffc218a000 	C:\WINDOWS\SYSTEM32\dhcpcsvc.DLL
0x000000006a1d0000 - 0x000000006a1e1000 	C:\Program Files\Java\jre1.8.0_171\bin\nio.dll
0x0000000180000000 - 0x0000000180038000 	C:\Users\KUMAIL\AppData\Local\Temp\jna--2066922975\jna8450972335133561952.dll
0x0000000069f00000 - 0x000000006a098000 	C:\Program Files\Java\jre1.8.0_171\bin\awt.dll
0x00007fffca4a0000 - 0x00007fffca565000 	C:\WINDOWS\System32\OLEAUT32.dll
0x00007fffc5e70000 - 0x00007fffc5ef8000 	C:\WINDOWS\SYSTEM32\apphelp.dll
0x0000000069ec0000 - 0x0000000069efe000 	C:\Program Files\Java\jre1.8.0_171\bin\lcms.dll
0x00007fffc6260000 - 0x00007fffc628a000 	C:\WINDOWS\system32\DWMAPI.DLL
0x00007fffc6170000 - 0x00007fffc6205000 	C:\WINDOWS\system32\uxtheme.dll

VM Arguments:
jvm_args: -Dfile.encoding=Cp1252 
java_command: testOCR.test
java_class_path (initial): C:\Program Files\Java\jre1.8.0_171\lib\resources.jar;C:\Program Files\Java\jre1.8.0_171\lib\rt.jar;C:\Program Files\Java\jre1.8.0_171\lib\jsse.jar;C:\Program Files\Java\jre1.8.0_171\lib\jce.jar;C:\Program Files\Java\jre1.8.0_171\lib\charsets.jar;C:\Program Files\Java\jre1.8.0_171\lib\jfr.jar;C:\Program Files\Java\jre1.8.0_171\lib\ext\access-bridge-64.jar;C:\Program Files\Java\jre1.8.0_171\lib\ext\cldrdata.jar;C:\Program Files\Java\jre1.8.0_171\lib\ext\dnsns.jar;C:\Program Files\Java\jre1.8.0_171\lib\ext\jaccess.jar;C:\Program Files\Java\jre1.8.0_171\lib\ext\jfxrt.jar;C:\Program Files\Java\jre1.8.0_171\lib\ext\localedata.jar;C:\Program Files\Java\jre1.8.0_171\lib\ext\nashorn.jar;C:\Program Files\Java\jre1.8.0_171\lib\ext\sunec.jar;C:\Program Files\Java\jre1.8.0_171\lib\ext\sunjce_provider.jar;C:\Program Files\Java\jre1.8.0_171\lib\ext\sunmscapi.jar;C:\Program Files\Java\jre1.8.0_171\lib\ext\sunpkcs11.jar;C:\Program Files\Java\jre1.8.0_171\lib\ext\zipfs.jar;C:\Users\KUMAIL\ISYS358\OCR\bin;C:\Users\KUMAIL\ISYS358\OCR\lib\commons-io-2.6.jar;C:\Users\KUMAIL\ISYS358\OCR\lib\ghost4j-1.0.1.jar;C:\Users\KUMAIL\ISYS358\OCR\lib\jai-imageio-core-1.4.0.jar;C:\Users\KUMAIL\ISYS358\OCR\lib\jna-4.1.0.jar;C:\Users\KUMAIL\ISYS358\OCR\lib\junit-4.12.jar;C:\Users\KUMAIL\ISYS358\OCR\lib\lept4j-1.6.4.jar;C:\Users\KUMAIL\ISYS358\OCR\lib\tess4j-3.4.8.jar;C:\Users\KUMAIL\ISYS358\OCR\lib\jul-to-slf4j-1.7.25.jar;C:\Users\KUMAIL\ISYS358\OCR\lib\log4j-1.2.17.jar;C:\Users\KUMAIL\ISYS358\OCR\lib\log4j-over-slf4j-1.7.25.jar;C:\Users\KUMAIL\ISYS358\OCR\lib\logback-classic-1.2.3.jar;C:\Users\KUMAIL\ISYS358\OCR\lib\logback-core-1.2.3.jar;C:\Users\KUMAIL\ISYS358\OCR\lib\slf4j-api-1.7.25.jar;C:\Users\KUMAIL\ISYS358\OCR\lib\commons-beanutils-1.9.2.jar;C:\Users\KUMAIL\ISYS358\OCR\lib\commons-logging-1.2.jar;C:\Users\KUMAIL\ISYS358\OCR\lib\fontbox-2.0.9.jar;C:\Users\KUMAIL\ISYS358\OCR\lib\hamcrest-core-1.3.jar;C:\Users\KUMAIL\ISYS358\OCR\lib\itext-2.1.7.jar;C:\Users\KUMAIL\ISY
Launcher Type: SUN_STANDARD

Environment Variables:
PATH=C:/Program Files/Java/jre1.8.0_171/bin/server;C:/Program Files/Java/jre1.8.0_171/bin;C:/Program Files/Java/jre1.8.0_171/lib/amd64;C:\Program Files (x86)\Common Files\Oracle\Java\javapath;C:\ProgramData\Oracle\Java\javapath;C:\Program Files (x86)\Intel\iCLS Client\;C:\Program Files\Intel\iCLS Client\;C:\Windows\system32;C:\Windows;C:\Windows\System32\Wbem;C:\Windows\System32\WindowsPowerShell\v1.0\;C:\MinGW\bin\;C:\WINDOWS\system32;C:\WINDOWS;C:\WINDOWS\System32\Wbem;C:\WINDOWS\System32\WindowsPowerShell\v1.0\;C:\Users\KUMAIL\AppData\Local\Microsoft\WindowsApps;;C:\Users\KUMAIL\Desktop;
USERNAME=KUMAIL
OS=Windows_NT
PROCESSOR_IDENTIFIER=Intel64 Family 6 Model 69 Stepping 1, GenuineIntel



---------------  S Y S T E M  ---------------

OS: Windows 10.0 , 64 bit Build 16299 (10.0.16299.431)

CPU:total 4 (initial active 4) (2 cores per cpu, 2 threads per core) family 6 model 69 stepping 1, cmov, cx8, fxsr, mmx, sse, sse2, sse3, ssse3, sse4.1, sse4.2, popcnt, avx, avx2, aes, clmul, erms, lzcnt, ht, tsc, tscinvbit, bmi1, bmi2

Memory: 4k page, physical 8294656k(1325244k free), swap 12276592k(5520k free)

vm_info: Java HotSpot(TM) 64-Bit Server VM (25.171-b11) for windows-amd64 JRE (1.8.0_171-b11), built on Mar 28 2018 16:06:12 by "java_re" with MS VC++ 10.0 (VS2010)

time: Wed Oct 03 15:14:42 2018
elapsed time: 39 seconds (0d 0h 0m 39s)

