#
# There is insufficient memory for the Java Runtime Environment to continue.
# Native memory allocation (malloc) failed to allocate 319664 bytes for Chunk::new
# Possible reasons:
#   The system is out of physical RAM or swap space
#   In 32 bit mode, the process size limit was hit
# Possible solutions:
#   Reduce memory load on the system
#   Increase physical memory or swap space
#   Check if swap backing store is full
#   Use 64 bit Java on a 64 bit OS
#   Decrease Java heap size (-Xmx/-Xms)
#   Decrease number of Java threads
#   Decrease Java thread stack sizes (-Xss)
#   Set larger code cache with -XX:ReservedCodeCacheSize=
# This output file may be truncated or incomplete.
#
#  Out of Memory Error (allocation.cpp:390), pid=7196, tid=0x0000000000002238
#
# JRE version: Java(TM) SE Runtime Environment (8.0_171-b11) (build 1.8.0_171-b11)
# Java VM: Java HotSpot(TM) 64-Bit Server VM (25.171-b11 mixed mode windows-amd64 compressed oops)
# Failed to write core dump. Minidumps are not enabled by default on client versions of Windows
#

---------------  T H R E A D  ---------------

Current thread (0x0000000019912000):  JavaThread "C2 CompilerThread1" daemon [_thread_in_native, id=8760, stack(0x000000001b170000,0x000000001b270000)]

Stack: [0x000000001b170000,0x000000001b270000]
[error occurred during error reporting (printing stack bounds), id 0xc0000005]

Native frames: (J=compiled Java code, j=interpreted, Vv=VM code, C=native code)


Current CompileTask:
C2:  51765 1497  s    4       com.github.jaiimageio.impl.plugins.tiff.TIFFFieldNode::initialize (420 bytes)


---------------  P R O C E S S  ---------------

Java Threads: ( => current thread )
  0x000000001bfeb800 JavaThread "Java2D Disposer" daemon [_thread_blocked, id=16004, stack(0x000000001c5f0000,0x000000001c6f0000)]
  0x000000001996e800 JavaThread "Service Thread" daemon [_thread_blocked, id=6456, stack(0x000000001b770000,0x000000001b870000)]
  0x000000001991a000 JavaThread "C1 CompilerThread2" daemon [_thread_blocked, id=14856, stack(0x000000001b270000,0x000000001b370000)]
=>0x0000000019912000 JavaThread "C2 CompilerThread1" daemon [_thread_in_native, id=8760, stack(0x000000001b170000,0x000000001b270000)]
  0x000000001990e000 JavaThread "C2 CompilerThread0" daemon [_thread_blocked, id=9200, stack(0x000000001b070000,0x000000001b170000)]
  0x000000001990c800 JavaThread "Attach Listener" daemon [_thread_blocked, id=11676, stack(0x000000001af70000,0x000000001b070000)]
  0x000000001990b800 JavaThread "Signal Dispatcher" daemon [_thread_blocked, id=4480, stack(0x000000001ae70000,0x000000001af70000)]
  0x00000000198fa800 JavaThread "Finalizer" daemon [_thread_blocked, id=7320, stack(0x000000001ab80000,0x000000001ac80000)]
  0x0000000004da1000 JavaThread "Reference Handler" daemon [_thread_blocked, id=4156, stack(0x000000001aa80000,0x000000001ab80000)]
  0x0000000004cb2800 JavaThread "main" [_thread_in_native, id=12272, stack(0x0000000004bb0000,0x0000000004cb0000)]

Other Threads:
  0x00000000198d7800 VMThread [stack: 0x000000001a980000,0x000000001aa80000] [id=10280]
  0x000000001b3b4000 WatcherThread [stack: 0x000000001b870000,0x000000001b970000] [id=11268]

VM state:not at safepoint (normal execution)

VM Mutex/Monitor currently owned by a thread: None

Heap:
 PSYoungGen      total 420352K, used 237214K [0x00000000d5d00000, 0x00000000f1300000, 0x0000000100000000)
  eden space 392192K, 60% used [0x00000000d5d00000,0x00000000e44a7878,0x00000000edc00000)
  from space 28160K, 0% used [0x00000000edc00000,0x00000000edc00000,0x00000000ef780000)
  to   space 22016K, 0% used [0x00000000efd80000,0x00000000efd80000,0x00000000f1300000)
 ParOldGen       total 358400K, used 333344K [0x0000000081600000, 0x0000000097400000, 0x00000000d5d00000)
  object space 358400K, 93% used [0x0000000081600000,0x0000000095b881e8,0x0000000097400000)
 Metaspace       used 12552K, capacity 12702K, committed 12800K, reserved 1060864K
  class space    used 1432K, capacity 1503K, committed 1536K, reserved 1048576K

Card table byte_map: [0x0000000014170000,0x0000000014570000] byte_map_base: 0x0000000013d65000

Marking Bits: (ParMarkBitMap*) 0x000000006ab708c0
 Begin Bits: [0x0000000014c20000, 0x0000000016bc8000)
 End Bits:   [0x0000000016bc8000, 0x0000000018b70000)

Polling page: 0x0000000002e20000

CodeCache: size=245760Kb used=4950Kb max_used=4950Kb free=240810Kb
 bounds [0x0000000004db0000, 0x0000000005290000, 0x0000000013db0000]
 total_blobs=1818 nmethods=1331 adapters=400
 compilation: enabled

Compilation events (10 events):
Event: 51.719 Thread 0x000000001991a000 nmethod 1495 0x0000000005219110 code [0x0000000005219280, 0x0000000005219468]
Event: 51.719 Thread 0x000000001991a000 1496       3       com.github.jaiimageio.impl.plugins.tiff.TIFFFieldNode::<init> (216 bytes)
Event: 51.719 Thread 0x0000000019912000 1497  s    4       com.github.jaiimageio.impl.plugins.tiff.TIFFFieldNode::initialize (420 bytes)
Event: 51.721 Thread 0x000000001991a000 nmethod 1496 0x0000000005289590 code [0x00000000052898e0, 0x000000000528b808]
Event: 51.721 Thread 0x000000001991a000 1498       3       java.util.Arrays::asList (9 bytes)
Event: 51.721 Thread 0x000000001991a000 nmethod 1498 0x0000000005218890 code [0x0000000005218a20, 0x0000000005218e88]
Event: 51.721 Thread 0x000000001991a000 1499       3       java.util.Arrays$ArrayList::<init> (16 bytes)
Event: 51.721 Thread 0x000000001991a000 nmethod 1499 0x0000000005218150 code [0x00000000052182e0, 0x00000000052186c8]
Event: 51.721 Thread 0x000000001991a000 1494       3       java.util.ArrayList::toArray (60 bytes)
Event: 51.722 Thread 0x000000001991a000 nmethod 1494 0x00000000052178d0 code [0x0000000005217a60, 0x0000000005218018]

GC Heap History (10 events):
Event: 48.770 GC heap before
{Heap before GC invocations=34 (full 10):
 PSYoungGen      total 420352K, used 372719K [0x00000000d5d00000, 0x00000000f1300000, 0x0000000100000000)
  eden space 392192K, 95% used [0x00000000d5d00000,0x00000000ec8fbf40,0x00000000edc00000)
  from space 28160K, 0% used [0x00000000edc00000,0x00000000edc00000,0x00000000ef780000)
  to   space 22016K, 0% used [0x00000000efd80000,0x00000000efd80000,0x00000000f1300000)
 ParOldGen       total 307200K, used 28444K [0x0000000081600000, 0x0000000094200000, 0x00000000d5d00000)
  object space 307200K, 9% used [0x0000000081600000,0x00000000831c7010,0x0000000094200000)
 Metaspace       used 12126K, capacity 12262K, committed 12416K, reserved 1060864K
  class space    used 1360K, capacity 1403K, committed 1408K, reserved 1048576K
Event: 48.780 GC heap after
Heap after GC invocations=34 (full 10):
 PSYoungGen      total 414208K, used 244K [0x00000000d5d00000, 0x00000000f1300000, 0x0000000100000000)
  eden space 392192K, 0% used [0x00000000d5d00000,0x00000000d5d00000,0x00000000edc00000)
  from space 22016K, 1% used [0x00000000efd80000,0x00000000efdbd108,0x00000000f1300000)
  to   space 28160K, 0% used [0x00000000edc00000,0x00000000edc00000,0x00000000ef780000)
 ParOldGen       total 307200K, used 104876K [0x0000000081600000, 0x0000000094200000, 0x00000000d5d00000)
  object space 307200K, 34% used [0x0000000081600000,0x0000000087c6b2b8,0x0000000094200000)
 Metaspace       used 12126K, capacity 12262K, committed 12416K, reserved 1060864K
  class space    used 1360K, capacity 1403K, committed 1408K, reserved 1048576K
}
Event: 49.964 GC heap before
{Heap before GC invocations=35 (full 10):
 PSYoungGen      total 414208K, used 376868K [0x00000000d5d00000, 0x00000000f1300000, 0x0000000100000000)
  eden space 392192K, 96% used [0x00000000d5d00000,0x00000000ecccc2e8,0x00000000edc00000)
  from space 22016K, 1% used [0x00000000efd80000,0x00000000efdbd108,0x00000000f1300000)
  to   space 28160K, 0% used [0x00000000edc00000,0x00000000edc00000,0x00000000ef780000)
 ParOldGen       total 307200K, used 104876K [0x0000000081600000, 0x0000000094200000, 0x00000000d5d00000)
  object space 307200K, 34% used [0x0000000081600000,0x0000000087c6b2b8,0x0000000094200000)
 Metaspace       used 12528K, capacity 12678K, committed 12800K, reserved 1060864K
  class space    used 1430K, capacity 1499K, committed 1536K, reserved 1048576K
Event: 49.984 GC heap after
Heap after GC invocations=35 (full 10):
 PSYoungGen      total 420352K, used 26013K [0x00000000d5d00000, 0x00000000f1300000, 0x0000000100000000)
  eden space 392192K, 0% used [0x00000000d5d00000,0x00000000d5d00000,0x00000000edc00000)
  from space 28160K, 92% used [0x00000000edc00000,0x00000000ef5677e0,0x00000000ef780000)
  to   space 22016K, 0% used [0x00000000efd80000,0x00000000efd80000,0x00000000f1300000)
 ParOldGen       total 307200K, used 257866K [0x0000000081600000, 0x0000000094200000, 0x00000000d5d00000)
  object space 307200K, 83% used [0x0000000081600000,0x00000000911d2910,0x0000000094200000)
 Metaspace       used 12528K, capacity 12678K, committed 12800K, reserved 1060864K
  class space    used 1430K, capacity 1499K, committed 1536K, reserved 1048576K
}
Event: 49.984 GC heap before
{Heap before GC invocations=36 (full 11):
 PSYoungGen      total 420352K, used 26013K [0x00000000d5d00000, 0x00000000f1300000, 0x0000000100000000)
  eden space 392192K, 0% used [0x00000000d5d00000,0x00000000d5d00000,0x00000000edc00000)
  from space 28160K, 92% used [0x00000000edc00000,0x00000000ef5677e0,0x00000000ef780000)
  to   space 22016K, 0% used [0x00000000efd80000,0x00000000efd80000,0x00000000f1300000)
 ParOldGen       total 307200K, used 257866K [0x0000000081600000, 0x0000000094200000, 0x00000000d5d00000)
  object space 307200K, 83% used [0x0000000081600000,0x00000000911d2910,0x0000000094200000)
 Metaspace       used 12528K, capacity 12678K, committed 12800K, reserved 1060864K
  class space    used 1430K, capacity 1499K, committed 1536K, reserved 1048576K
Event: 50.002 GC heap after
Heap after GC invocations=36 (full 11):
 PSYoungGen      total 420352K, used 0K [0x00000000d5d00000, 0x00000000f1300000, 0x0000000100000000)
  eden space 392192K, 0% used [0x00000000d5d00000,0x00000000d5d00000,0x00000000edc00000)
  from space 28160K, 0% used [0x00000000edc00000,0x00000000edc00000,0x00000000ef780000)
  to   space 22016K, 0% used [0x00000000efd80000,0x00000000efd80000,0x00000000f1300000)
 ParOldGen       total 307200K, used 79614K [0x0000000081600000, 0x0000000094200000, 0x00000000d5d00000)
  object space 307200K, 25% used [0x0000000081600000,0x00000000863bfaa8,0x0000000094200000)
 Metaspace       used 12528K, capacity 12678K, committed 12800K, reserved 1060864K
  class space    used 1430K, capacity 1499K, committed 1536K, reserved 1048576K
}
Event: 51.237 GC heap before
{Heap before GC invocations=37 (full 11):
 PSYoungGen      total 420352K, used 380010K [0x00000000d5d00000, 0x00000000f1300000, 0x0000000100000000)
  eden space 392192K, 96% used [0x00000000d5d00000,0x00000000ed01abd8,0x00000000edc00000)
  from space 28160K, 0% used [0x00000000edc00000,0x00000000edc00000,0x00000000ef780000)
  to   space 22016K, 0% used [0x00000000efd80000,0x00000000efd80000,0x00000000f1300000)
 ParOldGen       total 307200K, used 79614K [0x0000000081600000, 0x0000000094200000, 0x00000000d5d00000)
  object space 307200K, 25% used [0x0000000081600000,0x00000000863bfaa8,0x0000000094200000)
 Metaspace       used 12548K, capacity 12702K, committed 12800K, reserved 1060864K
  class space    used 1432K, capacity 1503K, committed 1536K, reserved 1048576K
Event: 51.299 GC heap after
Heap after GC invocations=37 (full 11):
 PSYoungGen      total 420352K, used 380010K [0x00000000d5d00000, 0x00000000f1300000, 0x0000000100000000)
  eden space 392192K, 96% used [0x00000000d5d00000,0x00000000ed01abd8,0x00000000edc00000)
  from space 28160K, 0% used [0x00000000edc00000,0x00000000edc00000,0x00000000ef780000)
  to   space 22016K, 1% used [0x00000000efd80000,0x00000000efdc8000,0x00000000f1300000)
 ParOldGen       total 358400K, used 334398K [0x0000000081600000, 0x0000000097400000, 0x00000000d5d00000)
  object space 358400K, 93% used [0x0000000081600000,0x0000000095c8f8d8,0x0000000097400000)
 Metaspace       used 12548K, capacity 12702K, committed 12800K, reserved 1060864K
  class space    used 1432K, capacity 1503K, committed 1536K, reserved 1048576K
}
Event: 51.299 GC heap before
{Heap before GC invocations=38 (full 12):
 PSYoungGen      total 420352K, used 380010K [0x00000000d5d00000, 0x00000000f1300000, 0x0000000100000000)
  eden space 392192K, 96% used [0x00000000d5d00000,0x00000000ed01abd8,0x00000000edc00000)
  from space 28160K, 0% used [0x00000000edc00000,0x00000000edc00000,0x00000000ef780000)
  to   space 22016K, 1% used [0x00000000efd80000,0x00000000efdc8000,0x00000000f1300000)
 ParOldGen       total 358400K, used 334398K [0x0000000081600000, 0x0000000097400000, 0x00000000d5d00000)
  object space 358400K, 93% used [0x0000000081600000,0x0000000095c8f8d8,0x0000000097400000)
 Metaspace       used 12548K, capacity 12702K, committed 12800K, reserved 1060864K
  class space    used 1432K, capacity 1503K, committed 1536K, reserved 1048576K
Event: 51.370 GC heap after
Heap after GC invocations=38 (full 12):
 PSYoungGen      total 420352K, used 102095K [0x00000000d5d00000, 0x00000000f1300000, 0x0000000100000000)
  eden space 392192K, 26% used [0x00000000d5d00000,0x00000000dc0b3c10,0x00000000edc00000)
  from space 28160K, 0% used [0x00000000edc00000,0x00000000edc00000,0x00000000ef780000)
  to   space 22016K, 0% used [0x00000000efd80000,0x00000000efd80000,0x00000000f1300000)
 ParOldGen       total 358400K, used 333344K [0x0000000081600000, 0x0000000097400000, 0x00000000d5d00000)
  object space 358400K, 93% used [0x0000000081600000,0x0000000095b881e8,0x0000000097400000)
 Metaspace       used 12548K, capacity 12702K, committed 12800K, reserved 1060864K
  class space    used 1432K, capacity 1503K, committed 1536K, reserved 1048576K
}

Deoptimization events (10 events):
Event: 7.564 Thread 0x0000000004cb2800 Uncommon trap: reason=unstable_if action=reinterpret pc=0x0000000005148960 method=com.sun.imageio.plugins.png.PNGImageWriter.encodePass(Ljavax/imageio/stream/ImageOutputStream;Ljava/awt/image/RenderedImage;IIII)V @ 303
Event: 38.905 Thread 0x0000000004cb2800 Uncommon trap: reason=class_check action=maybe_recompile pc=0x000000000518d8cc method=java.awt.image.BufferedImage.getData(Ljava/awt/Rectangle;)Ljava/awt/image/Raster; @ 17
Event: 38.905 Thread 0x0000000004cb2800 Uncommon trap: reason=speculate_class_check action=maybe_recompile pc=0x00000000051b5710 method=java.awt.image.Raster.createWritableRaster(Ljava/awt/image/SampleModel;Ljava/awt/image/DataBuffer;Ljava/awt/Point;)Ljava/awt/image/WritableRaster; @ 38
Event: 38.908 Thread 0x0000000004cb2800 Uncommon trap: reason=class_check action=maybe_recompile pc=0x000000000518d8cc method=java.awt.image.BufferedImage.getData(Ljava/awt/Rectangle;)Ljava/awt/image/Raster; @ 17
Event: 38.908 Thread 0x0000000004cb2800 Uncommon trap: reason=speculate_class_check action=maybe_recompile pc=0x00000000051b5710 method=java.awt.image.Raster.createWritableRaster(Ljava/awt/image/SampleModel;Ljava/awt/image/DataBuffer;Ljava/awt/Point;)Ljava/awt/image/WritableRaster; @ 38
Event: 38.910 Thread 0x0000000004cb2800 Uncommon trap: reason=class_check action=maybe_recompile pc=0x000000000518d8cc method=java.awt.image.BufferedImage.getData(Ljava/awt/Rectangle;)Ljava/awt/image/Raster; @ 17
Event: 38.910 Thread 0x0000000004cb2800 Uncommon trap: reason=speculate_class_check action=maybe_recompile pc=0x00000000051b5710 method=java.awt.image.Raster.createWritableRaster(Ljava/awt/image/SampleModel;Ljava/awt/image/DataBuffer;Ljava/awt/Point;)Ljava/awt/image/WritableRaster; @ 38
Event: 38.912 Thread 0x0000000004cb2800 Uncommon trap: reason=class_check action=maybe_recompile pc=0x000000000518d8cc method=java.awt.image.BufferedImage.getData(Ljava/awt/Rectangle;)Ljava/awt/image/Raster; @ 17
Event: 38.912 Thread 0x0000000004cb2800 Uncommon trap: reason=speculate_class_check action=maybe_recompile pc=0x00000000051b5710 method=java.awt.image.Raster.createWritableRaster(Ljava/awt/image/SampleModel;Ljava/awt/image/DataBuffer;Ljava/awt/Point;)Ljava/awt/image/WritableRaster; @ 38
Event: 49.683 Thread 0x0000000004cb2800 Uncommon trap: reason=unstable_if action=reinterpret pc=0x00000000051419ec method=java.awt.image.PixelInterleavedSampleModel.createCompatibleSampleModel(II)Ljava/awt/image/SampleModel; @ 32

Classes redefined (0 events):
No events

Internal exceptions (10 events):
Event: 0.286 Thread 0x0000000004cb2800 Exception <a 'java/io/FileNotFoundException'> (0x00000000d60a3c20) thrown at [C:\re\workspace\8-2-build-windows-amd64-cygwin\jdk8u171\10807\hotspot\src\share\vm\prims\jni.cpp, line 709]
Event: 0.586 Thread 0x0000000004cb2800 Exception <a 'java/lang/UnsatisfiedLinkError': The specified module could not be found.
> (0x00000000d6412f90) thrown at [C:\re\workspace\8-2-build-windows-amd64-cygwin\jdk8u171\10807\hotspot\src\share\vm\prims\jni.cpp, line 735]
Event: 0.588 Thread 0x0000000004cb2800 Exception <a 'java/lang/UnsatisfiedLinkError': The specified module could not be found.
> (0x00000000d64132d0) thrown at [C:\re\workspace\8-2-build-windows-amd64-cygwin\jdk8u171\10807\hotspot\src\share\vm\prims\jni.cpp, line 735]
Event: 0.589 Thread 0x0000000004cb2800 Exception <a 'java/lang/UnsatisfiedLinkError': The specified module could not be found.
> (0x00000000d6413698) thrown at [C:\re\workspace\8-2-build-windows-amd64-cygwin\jdk8u171\10807\hotspot\src\share\vm\prims\jni.cpp, line 735]
Event: 0.589 Thread 0x0000000004cb2800 Exception <a 'java/lang/UnsatisfiedLinkError'> (0x00000000d6425410) thrown at [C:\re\workspace\8-2-build-windows-amd64-cygwin\jdk8u171\10807\hotspot\src\share\vm\oops\instanceKlass.cpp, line 959]
Event: 0.594 Thread 0x0000000004cb2800 Exception <a 'java/lang/NoSuchMethodError': org.slf4j.impl.StaticMDCBinder.getSingleton()Lorg/slf4j/impl/StaticMDCBinder;> (0x00000000d644beb8) thrown at [C:\re\workspace\8-2-build-windows-amd64-cygwin\jdk8u171\10807\hotspot\src\share\vm\interpreter\linkR
Event: 0.639 Thread 0x0000000004cb2800 Exception <a 'java/io/FileNotFoundException'> (0x00000000d6691478) thrown at [C:\re\workspace\8-2-build-windows-amd64-cygwin\jdk8u171\10807\hotspot\src\share\vm\prims\jni.cpp, line 709]
Event: 0.668 Thread 0x0000000004cb2800 Exception <a 'java/lang/NoSuchFieldError': method resolution failed> (0x00000000d67616c8) thrown at [C:\re\workspace\8-2-build-windows-amd64-cygwin\jdk8u171\10807\hotspot\src\share\vm\prims\methodHandles.cpp, line 1167]
Event: 0.671 Thread 0x0000000004cb2800 Exception <a 'java/lang/NoSuchFieldError': method resolution failed> (0x00000000d676edb8) thrown at [C:\re\workspace\8-2-build-windows-amd64-cygwin\jdk8u171\10807\hotspot\src\share\vm\prims\methodHandles.cpp, line 1167]
Event: 0.837 Thread 0x0000000004cb2800 Exception <a 'java/io/FileNotFoundException'> (0x00000000d6cfd008) thrown at [C:\re\workspace\8-2-build-windows-amd64-cygwin\jdk8u171\10807\hotspot\src\share\vm\prims\jni.cpp, line 709]

Events (10 events):
Event: 50.028 Thread 0x000000001991a000 flushing nmethod 0x0000000004f3de90
Event: 50.046 Thread 0x000000001991a000 flushing nmethod 0x0000000005170190
Event: 50.046 Thread 0x000000001991a000 flushing nmethod 0x000000000518b210
Event: 50.046 Thread 0x000000001991a000 flushing nmethod 0x000000000518be10
Event: 50.046 Thread 0x000000001991a000 flushing nmethod 0x00000000051b4b90
Event: 50.047 Thread 0x000000001991a000 flushing nmethod 0x00000000051f2810
Event: 50.047 Thread 0x000000001991a000 flushing nmethod 0x00000000051fa890
Event: 50.047 Thread 0x000000001991a000 flushing nmethod 0x000000000520c6d0
Event: 51.237 Executing VM operation: ParallelGCFailedAllocation
Event: 51.370 Executing VM operation: ParallelGCFailedAllocation done


Dynamic libraries:
0x00007ff693240000 - 0x00007ff693277000 	C:\Program Files\Java\jre1.8.0_171\bin\javaw.exe
0x00007fffcb910000 - 0x00007fffcbaf0000 	C:\WINDOWS\SYSTEM32\ntdll.dll
0x00007fffcb650000 - 0x00007fffcb6fe000 	C:\WINDOWS\System32\KERNEL32.DLL
0x00007fffc7d30000 - 0x00007fffc7f96000 	C:\WINDOWS\System32\KERNELBASE.dll
0x00007fffcb340000 - 0x00007fffcb3e1000 	C:\WINDOWS\System32\ADVAPI32.dll
0x00007fffcae50000 - 0x00007fffcaeed000 	C:\WINDOWS\System32\msvcrt.dll
0x00007fffca3a0000 - 0x00007fffca3fb000 	C:\WINDOWS\System32\sechost.dll
0x00007fffca8b0000 - 0x00007fffca9cf000 	C:\WINDOWS\System32\RPCRT4.dll
0x00007fffcabc0000 - 0x00007fffcad4f000 	C:\WINDOWS\System32\USER32.dll
0x00007fffc7d10000 - 0x00007fffc7d30000 	C:\WINDOWS\System32\win32u.dll
0x00007fffcae20000 - 0x00007fffcae48000 	C:\WINDOWS\System32\GDI32.dll
0x00007fffc87c0000 - 0x00007fffc8953000 	C:\WINDOWS\System32\gdi32full.dll
0x00007fffc8b10000 - 0x00007fffc8bab000 	C:\WINDOWS\System32\msvcp_win.dll
0x00007fffc8a10000 - 0x00007fffc8b06000 	C:\WINDOWS\System32\ucrtbase.dll
0x00007fffb7fe0000 - 0x00007fffb8249000 	C:\WINDOWS\WinSxS\amd64_microsoft.windows.common-controls_6595b64144ccf1df_6.0.16299.492_none_15c8d3609364b9b0\COMCTL32.dll
0x00007fffca5a0000 - 0x00007fffca8a7000 	C:\WINDOWS\System32\combase.dll
0x00007fffc86f0000 - 0x00007fffc8762000 	C:\WINDOWS\System32\bcryptPrimitives.dll
0x00007fffca570000 - 0x00007fffca59d000 	C:\WINDOWS\System32\IMM32.DLL
0x000000006a0c0000 - 0x000000006a192000 	C:\Program Files\Java\jre1.8.0_171\bin\msvcr100.dll
0x000000006a350000 - 0x000000006abf0000 	C:\Program Files\Java\jre1.8.0_171\bin\server\jvm.dll
0x00007fffcb760000 - 0x00007fffcb768000 	C:\WINDOWS\System32\PSAPI.DLL
0x00007fffc5c40000 - 0x00007fffc5c63000 	C:\WINDOWS\SYSTEM32\WINMM.dll
0x00007fffb6b60000 - 0x00007fffb6b6a000 	C:\WINDOWS\SYSTEM32\VERSION.dll
0x00007fffc4160000 - 0x00007fffc4169000 	C:\WINDOWS\SYSTEM32\WSOCK32.dll
0x00007fffc8de0000 - 0x00007fffc8e4c000 	C:\WINDOWS\System32\WS2_32.dll
0x00007fffc5c10000 - 0x00007fffc5c3a000 	C:\WINDOWS\SYSTEM32\WINMMBASE.dll
0x00007fffc8770000 - 0x00007fffc87ba000 	C:\WINDOWS\System32\cfgmgr32.dll
0x000000006a260000 - 0x000000006a26f000 	C:\Program Files\Java\jre1.8.0_171\bin\verify.dll
0x000000006a230000 - 0x000000006a259000 	C:\Program Files\Java\jre1.8.0_171\bin\java.dll
0x000000006a210000 - 0x000000006a226000 	C:\Program Files\Java\jre1.8.0_171\bin\zip.dll
0x00007fffc8f60000 - 0x00007fffca398000 	C:\WINDOWS\System32\SHELL32.dll
0x00007fffcad70000 - 0x00007fffcae16000 	C:\WINDOWS\System32\shcore.dll
0x00007fffc7fa0000 - 0x00007fffc86e7000 	C:\WINDOWS\System32\windows.storage.dll
0x00007fffcb5f0000 - 0x00007fffcb641000 	C:\WINDOWS\System32\shlwapi.dll
0x00007fffc7cd0000 - 0x00007fffc7ce1000 	C:\WINDOWS\System32\kernel.appcore.dll
0x00007fffc7c60000 - 0x00007fffc7cac000 	C:\WINDOWS\System32\powrprof.dll
0x00007fffc7cb0000 - 0x00007fffc7ccb000 	C:\WINDOWS\System32\profapi.dll
0x00007fffc7650000 - 0x00007fffc7667000 	C:\WINDOWS\SYSTEM32\CRYPTSP.dll
0x00007fffc7090000 - 0x00007fffc70c3000 	C:\WINDOWS\system32\rsaenh.dll
0x00007fffc77c0000 - 0x00007fffc77e5000 	C:\WINDOWS\SYSTEM32\bcrypt.dll
0x00007fffc7b90000 - 0x00007fffc7bb9000 	C:\WINDOWS\SYSTEM32\USERENV.dll
0x00007fffc7670000 - 0x00007fffc767b000 	C:\WINDOWS\SYSTEM32\CRYPTBASE.dll
0x000000006a1f0000 - 0x000000006a20a000 	C:\Program Files\Java\jre1.8.0_171\bin\net.dll
0x00007fffc7490000 - 0x00007fffc74f6000 	C:\WINDOWS\system32\mswsock.dll
0x00007fffc7220000 - 0x00007fffc7259000 	C:\WINDOWS\SYSTEM32\IPHLPAPI.DLL
0x00007fffcad50000 - 0x00007fffcad58000 	C:\WINDOWS\System32\NSI.dll
0x00007fffc10f0000 - 0x00007fffc1106000 	C:\WINDOWS\SYSTEM32\dhcpcsvc6.DLL
0x00007fffc2170000 - 0x00007fffc218a000 	C:\WINDOWS\SYSTEM32\dhcpcsvc.DLL
0x000000006a1d0000 - 0x000000006a1e1000 	C:\Program Files\Java\jre1.8.0_171\bin\nio.dll
0x0000000180000000 - 0x0000000180038000 	C:\Users\KUMAIL\AppData\Local\Temp\jna--2066922975\jna1139664136143287541.dll
0x0000000069f00000 - 0x000000006a098000 	C:\Program Files\Java\jre1.8.0_171\bin\awt.dll
0x00007fffca4a0000 - 0x00007fffca565000 	C:\WINDOWS\System32\OLEAUT32.dll
0x00007fffc5e70000 - 0x00007fffc5ef8000 	C:\WINDOWS\SYSTEM32\apphelp.dll
0x0000000069ec0000 - 0x0000000069efe000 	C:\Program Files\Java\jre1.8.0_171\bin\lcms.dll
0x00007fffc6260000 - 0x00007fffc628a000 	C:\WINDOWS\system32\DWMAPI.DLL
0x00007fffc6170000 - 0x00007fffc6205000 	C:\WINDOWS\system32\uxtheme.dll

VM Arguments:
jvm_args: -Dfile.encoding=Cp1252 
java_command: testOCR.test
java_class_path (initial): C:\Program Files\Java\jre1.8.0_171\lib\resources.jar;C:\Program Files\Java\jre1.8.0_171\lib\rt.jar;C:\Program Files\Java\jre1.8.0_171\lib\jsse.jar;C:\Program Files\Java\jre1.8.0_171\lib\jce.jar;C:\Program Files\Java\jre1.8.0_171\lib\charsets.jar;C:\Program Files\Java\jre1.8.0_171\lib\jfr.jar;C:\Program Files\Java\jre1.8.0_171\lib\ext\access-bridge-64.jar;C:\Program Files\Java\jre1.8.0_171\lib\ext\cldrdata.jar;C:\Program Files\Java\jre1.8.0_171\lib\ext\dnsns.jar;C:\Program Files\Java\jre1.8.0_171\lib\ext\jaccess.jar;C:\Program Files\Java\jre1.8.0_171\lib\ext\jfxrt.jar;C:\Program Files\Java\jre1.8.0_171\lib\ext\localedata.jar;C:\Program Files\Java\jre1.8.0_171\lib\ext\nashorn.jar;C:\Program Files\Java\jre1.8.0_171\lib\ext\sunec.jar;C:\Program Files\Java\jre1.8.0_171\lib\ext\sunjce_provider.jar;C:\Program Files\Java\jre1.8.0_171\lib\ext\sunmscapi.jar;C:\Program Files\Java\jre1.8.0_171\lib\ext\sunpkcs11.jar;C:\Program Files\Java\jre1.8.0_171\lib\ext\zipfs.jar;C:\Users\KUMAIL\ISYS358\OCR\bin;C:\Users\KUMAIL\ISYS358\OCR\lib\commons-io-2.6.jar;C:\Users\KUMAIL\ISYS358\OCR\lib\ghost4j-1.0.1.jar;C:\Users\KUMAIL\ISYS358\OCR\lib\jai-imageio-core-1.4.0.jar;C:\Users\KUMAIL\ISYS358\OCR\lib\jna-4.1.0.jar;C:\Users\KUMAIL\ISYS358\OCR\lib\junit-4.12.jar;C:\Users\KUMAIL\ISYS358\OCR\lib\lept4j-1.6.4.jar;C:\Users\KUMAIL\ISYS358\OCR\lib\tess4j-3.4.8.jar;C:\Users\KUMAIL\ISYS358\OCR\lib\jul-to-slf4j-1.7.25.jar;C:\Users\KUMAIL\ISYS358\OCR\lib\log4j-1.2.17.jar;C:\Users\KUMAIL\ISYS358\OCR\lib\log4j-over-slf4j-1.7.25.jar;C:\Users\KUMAIL\ISYS358\OCR\lib\logback-classic-1.2.3.jar;C:\Users\KUMAIL\ISYS358\OCR\lib\logback-core-1.2.3.jar;C:\Users\KUMAIL\ISYS358\OCR\lib\slf4j-api-1.7.25.jar;C:\Users\KUMAIL\ISYS358\OCR\lib\commons-beanutils-1.9.2.jar;C:\Users\KUMAIL\ISYS358\OCR\lib\commons-logging-1.2.jar;C:\Users\KUMAIL\ISYS358\OCR\lib\fontbox-2.0.9.jar;C:\Users\KUMAIL\ISYS358\OCR\lib\hamcrest-core-1.3.jar;C:\Users\KUMAIL\ISYS358\OCR\lib\itext-2.1.7.jar;C:\Users\KUMAIL\ISY
Launcher Type: SUN_STANDARD

Environment Variables:
PATH=C:/Program Files/Java/jre1.8.0_171/bin/server;C:/Program Files/Java/jre1.8.0_171/bin;C:/Program Files/Java/jre1.8.0_171/lib/amd64;C:\Program Files (x86)\Common Files\Oracle\Java\javapath;C:\ProgramData\Oracle\Java\javapath;C:\Program Files (x86)\Intel\iCLS Client\;C:\Program Files\Intel\iCLS Client\;C:\Windows\system32;C:\Windows;C:\Windows\System32\Wbem;C:\Windows\System32\WindowsPowerShell\v1.0\;C:\MinGW\bin\;C:\WINDOWS\system32;C:\WINDOWS;C:\WINDOWS\System32\Wbem;C:\WINDOWS\System32\WindowsPowerShell\v1.0\;C:\Users\KUMAIL\AppData\Local\Microsoft\WindowsApps;;C:\Users\KUMAIL\Desktop;
USERNAME=KUMAIL
OS=Windows_NT
PROCESSOR_IDENTIFIER=Intel64 Family 6 Model 69 Stepping 1, GenuineIntel



---------------  S Y S T E M  ---------------

OS: Windows 10.0 , 64 bit Build 16299 (10.0.16299.431)

CPU:total 4 (initial active 4) (2 cores per cpu, 2 threads per core) family 6 model 69 stepping 1, cmov, cx8, fxsr, mmx, sse, sse2, sse3, ssse3, sse4.1, sse4.2, popcnt, avx, avx2, aes, clmul, erms, lzcnt, ht, tsc, tscinvbit, bmi1, bmi2

Memory: 4k page, physical 8294656k(1160712k free), swap 12276592k(5232k free)

vm_info: Java HotSpot(TM) 64-Bit Server VM (25.171-b11) for windows-amd64 JRE (1.8.0_171-b11), built on Mar 28 2018 16:06:12 by "java_re" with MS VC++ 10.0 (VS2010)

time: Wed Oct 03 15:20:16 2018
elapsed time: 51 seconds (0d 0h 0m 51s)

