#
# There is insufficient memory for the Java Runtime Environment to continue.
# Native memory allocation (mmap) failed to map 684032 bytes for card table expansion
# Possible reasons:
#   The system is out of physical RAM or swap space
#   In 32 bit mode, the process size limit was hit
# Possible solutions:
#   Reduce memory load on the system
#   Increase physical memory or swap space
#   Check if swap backing store is full
#   Use 64 bit Java on a 64 bit OS
#   Decrease Java heap size (-Xmx/-Xms)
#   Decrease number of Java threads
#   Decrease Java thread stack sizes (-Xss)
#   Set larger code cache with -XX:ReservedCodeCacheSize=
# This output file may be truncated or incomplete.
#
#  Out of Memory Error (os_windows.cpp:3331), pid=7988, tid=0x00000000000009dc
#
# JRE version: Java(TM) SE Runtime Environment (8.0_171-b11) (build 1.8.0_171-b11)
# Java VM: Java HotSpot(TM) 64-Bit Server VM (25.171-b11 mixed mode windows-amd64 compressed oops)
# Failed to write core dump. Minidumps are not enabled by default on client versions of Windows
#

---------------  T H R E A D  ---------------

Current thread (0x00000000197f7000):  VMThread [stack: 0x000000001a880000,0x000000001a980000] [id=2524]

Stack: [0x000000001a880000,0x000000001a980000]
[error occurred during error reporting (printing stack bounds), id 0xc0000005]

Native frames: (J=compiled Java code, j=interpreted, Vv=VM code, C=native code)

VM_Operation (0x0000000004bceef0): ParallelGCFailedAllocation, mode: safepoint, requested by thread 0x0000000004bd2800


---------------  P R O C E S S  ---------------

Java Threads: ( => current thread )
  0x000000001bf53000 JavaThread "Java2D Disposer" daemon [_thread_blocked, id=1028, stack(0x000000001c4f0000,0x000000001c5f0000)]
  0x000000001b298800 JavaThread "Service Thread" daemon [_thread_blocked, id=6816, stack(0x000000001b670000,0x000000001b770000)]
  0x000000001987b000 JavaThread "C1 CompilerThread2" daemon [_thread_blocked, id=8580, stack(0x000000001b170000,0x000000001b270000)]
  0x0000000019852000 JavaThread "C2 CompilerThread1" daemon [_thread_blocked, id=14456, stack(0x000000001b070000,0x000000001b170000)]
  0x000000001982e800 JavaThread "C2 CompilerThread0" daemon [_thread_blocked, id=4460, stack(0x000000001af70000,0x000000001b070000)]
  0x000000001982d800 JavaThread "Attach Listener" daemon [_thread_blocked, id=15388, stack(0x000000001ae70000,0x000000001af70000)]
  0x0000000019839000 JavaThread "Signal Dispatcher" daemon [_thread_blocked, id=5024, stack(0x000000001ad70000,0x000000001ae70000)]
  0x000000001981a800 JavaThread "Finalizer" daemon [_thread_blocked, id=2508, stack(0x000000001aa80000,0x000000001ab80000)]
  0x00000000197f9000 JavaThread "Reference Handler" daemon [_thread_blocked, id=6032, stack(0x000000001a980000,0x000000001aa80000)]
  0x0000000004bd2800 JavaThread "main" [_thread_blocked, id=15152, stack(0x0000000004ad0000,0x0000000004bd0000)]

Other Threads:
=>0x00000000197f7000 VMThread [stack: 0x000000001a880000,0x000000001a980000] [id=2524]
  0x000000001988e000 WatcherThread [stack: 0x000000001b770000,0x000000001b870000] [id=11788]

VM state:at safepoint (normal execution)

VM Mutex/Monitor currently owned by a thread:  ([mutex/lock_event])
[0x00000000032ad9d0] ExpandHeap_lock - owner thread: 0x00000000197f7000
[0x00000000032ae1d0] Threads_lock - owner thread: 0x00000000197f7000
[0x00000000032ad4d0] Heap_lock - owner thread: 0x0000000004bd2800

Heap:
 PSYoungGen      total 465920K, used 0K [0x00000000d5d00000, 0x0000000100000000, 0x0000000100000000)
  eden space 285696K, 0% used [0x00000000d5d00000,0x00000000d5d00000,0x00000000e7400000)
  from space 180224K, 0% used [0x00000000f5000000,0x00000000f5000000,0x0000000100000000)
  to   space 202752K, 0% used [0x00000000e7400000,0x00000000e7400000,0x00000000f3a00000)
 ParOldGen       total 519680K, used 461269K [0x0000000081600000, 0x00000000b5f80000, 0x00000000d5d00000)
  object space 519680K, 88% used [0x0000000081600000,0x000000009d875560,0x00000000a1180000)
 Metaspace       used 12689K, capacity 12894K, committed 13056K, reserved 1060864K
  class space    used 1432K, capacity 1503K, committed 1536K, reserved 1048576K

Card table byte_map: [0x0000000014090000,0x0000000014490000] byte_map_base: 0x0000000013c85000

Marking Bits: (ParMarkBitMap*) 0x000000006ab708c0
 Begin Bits: [0x0000000014b40000, 0x0000000016ae8000)
 End Bits:   [0x0000000016ae8000, 0x0000000018a90000)

Polling page: 0x0000000002df0000

CodeCache: size=245760Kb used=5637Kb max_used=5637Kb free=240122Kb
 bounds [0x0000000004cd0000, 0x0000000005260000, 0x0000000013cd0000]
 total_blobs=1973 nmethods=1485 adapters=400
 compilation: enabled

Compilation events (10 events):
Event: 547.150 Thread 0x000000001987b000 1672       3       com.github.jaiimageio.plugins.tiff.TIFFField::createArrayForType (154 bytes)
Event: 547.151 Thread 0x000000001987b000 nmethod 1672 0x000000000524b350 code [0x000000000524b580, 0x000000000524c388]
Event: 547.151 Thread 0x000000001987b000 1673       3       com.github.jaiimageio.plugins.tiff.TIFFTag::isDataTypeOK (38 bytes)
Event: 547.151 Thread 0x000000001987b000 nmethod 1673 0x000000000524ae10 code [0x000000000524af80, 0x000000000524b268]
Event: 547.261 Thread 0x000000001987b000 1674       3       com.github.jaiimageio.impl.plugins.tiff.TIFFFieldNode::getNodeName (18 bytes)
Event: 547.261 Thread 0x000000001987b000 nmethod 1674 0x000000000524a950 code [0x000000000524aac0, 0x000000000524ad70]
Event: 547.261 Thread 0x000000001987b000 1675       3       com.github.jaiimageio.plugins.tiff.TIFFField::createFromMetadataNode (294 bytes)
Event: 547.264 Thread 0x000000001987b000 nmethod 1675 0x0000000005257250 code [0x0000000005257600, 0x0000000005259378]
Event: 547.264 Thread 0x000000001987b000 1676       3       com.github.jaiimageio.impl.plugins.tiff.TIFFFieldNode::getNextSibling (9 bytes)
Event: 547.264 Thread 0x000000001987b000 nmethod 1676 0x000000000524a590 code [0x000000000524a700, 0x000000000524a8a8]

GC Heap History (10 events):
Event: 539.638 GC heap after
Heap after GC invocations=61 (full 11):
 PSYoungGen      total 496128K, used 127608K [0x00000000d5d00000, 0x0000000100000000, 0x0000000100000000)
  eden space 327680K, 0% used [0x00000000d5d00000,0x00000000d5d00000,0x00000000e9d00000)
  from space 168448K, 75% used [0x00000000f4800000,0x00000000fc49e360,0x00000000fec80000)
  to   space 175104K, 0% used [0x00000000e9d00000,0x00000000e9d00000,0x00000000f4800000)
 ParOldGen       total 340480K, used 28695K [0x0000000081600000, 0x0000000096280000, 0x00000000d5d00000)
  object space 340480K, 8% used [0x0000000081600000,0x0000000083205fc0,0x0000000096280000)
 Metaspace       used 12284K, capacity 12390K, committed 12416K, reserved 1060864K
  class space    used 1360K, capacity 1403K, committed 1408K, reserved 1048576K
}
Event: 541.691 GC heap before
{Heap before GC invocations=62 (full 11):
 PSYoungGen      total 496128K, used 455288K [0x00000000d5d00000, 0x0000000100000000, 0x0000000100000000)
  eden space 327680K, 100% used [0x00000000d5d00000,0x00000000e9d00000,0x00000000e9d00000)
  from space 168448K, 75% used [0x00000000f4800000,0x00000000fc49e360,0x00000000fec80000)
  to   space 175104K, 0% used [0x00000000e9d00000,0x00000000e9d00000,0x00000000f4800000)
 ParOldGen       total 340480K, used 28695K [0x0000000081600000, 0x0000000096280000, 0x00000000d5d00000)
  object space 340480K, 8% used [0x0000000081600000,0x0000000083205fc0,0x0000000096280000)
 Metaspace       used 12287K, capacity 12390K, committed 12416K, reserved 1060864K
  class space    used 1360K, capacity 1403K, committed 1408K, reserved 1048576K
Event: 541.704 GC heap after
Heap after GC invocations=62 (full 11):
 PSYoungGen      total 502784K, used 76705K [0x00000000d5d00000, 0x00000000ffb80000, 0x0000000100000000)
  eden space 327680K, 0% used [0x00000000d5d00000,0x00000000d5d00000,0x00000000e9d00000)
  from space 175104K, 43% used [0x00000000e9d00000,0x00000000ee7e87e0,0x00000000f4800000)
  to   space 169472K, 0% used [0x00000000f5600000,0x00000000f5600000,0x00000000ffb80000)
 ParOldGen       total 340480K, used 28762K [0x0000000081600000, 0x0000000096280000, 0x00000000d5d00000)
  object space 340480K, 8% used [0x0000000081600000,0x0000000083216850,0x0000000096280000)
 Metaspace       used 12287K, capacity 12390K, committed 12416K, reserved 1060864K
  class space    used 1360K, capacity 1403K, committed 1408K, reserved 1048576K
}
Event: 543.668 GC heap before
{Heap before GC invocations=63 (full 11):
 PSYoungGen      total 502784K, used 404385K [0x00000000d5d00000, 0x00000000ffb80000, 0x0000000100000000)
  eden space 327680K, 100% used [0x00000000d5d00000,0x00000000e9d00000,0x00000000e9d00000)
  from space 175104K, 43% used [0x00000000e9d00000,0x00000000ee7e87e0,0x00000000f4800000)
  to   space 169472K, 0% used [0x00000000f5600000,0x00000000f5600000,0x00000000ffb80000)
 ParOldGen       total 340480K, used 28762K [0x0000000081600000, 0x0000000096280000, 0x00000000d5d00000)
  object space 340480K, 8% used [0x0000000081600000,0x0000000083216850,0x0000000096280000)
 Metaspace       used 12289K, capacity 12454K, committed 12672K, reserved 1060864K
  class space    used 1360K, capacity 1403K, committed 1408K, reserved 1048576K
Event: 543.679 GC heap after
Heap after GC invocations=63 (full 11):
 PSYoungGen      total 503808K, used 76676K [0x00000000d5d00000, 0x00000000fef80000, 0x0000000100000000)
  eden space 346624K, 0% used [0x00000000d5d00000,0x00000000d5d00000,0x00000000eaf80000)
  from space 157184K, 48% used [0x00000000f5600000,0x00000000fa0e1398,0x00000000fef80000)
  to   space 163840K, 0% used [0x00000000eaf80000,0x00000000eaf80000,0x00000000f4f80000)
 ParOldGen       total 340480K, used 28770K [0x0000000081600000, 0x0000000096280000, 0x00000000d5d00000)
  object space 340480K, 8% used [0x0000000081600000,0x0000000083218850,0x0000000096280000)
 Metaspace       used 12289K, capacity 12454K, committed 12672K, reserved 1060864K
  class space    used 1360K, capacity 1403K, committed 1408K, reserved 1048576K
}
Event: 545.678 GC heap before
{Heap before GC invocations=64 (full 11):
 PSYoungGen      total 503808K, used 421856K [0x00000000d5d00000, 0x00000000fef80000, 0x0000000100000000)
  eden space 346624K, 99% used [0x00000000d5d00000,0x00000000eae17028,0x00000000eaf80000)
  from space 157184K, 48% used [0x00000000f5600000,0x00000000fa0e1398,0x00000000fef80000)
  to   space 163840K, 0% used [0x00000000eaf80000,0x00000000eaf80000,0x00000000f4f80000)
 ParOldGen       total 340480K, used 28770K [0x0000000081600000, 0x0000000096280000, 0x00000000d5d00000)
  object space 340480K, 8% used [0x0000000081600000,0x0000000083218850,0x0000000096280000)
 Metaspace       used 12670K, capacity 12806K, committed 13056K, reserved 1060864K
  class space    used 1430K, capacity 1499K, committed 1536K, reserved 1048576K
Event: 545.713 GC heap after
Heap after GC invocations=64 (full 11):
 PSYoungGen      total 510464K, used 153433K [0x00000000d5d00000, 0x0000000100000000, 0x0000000100000000)
  eden space 346624K, 0% used [0x00000000d5d00000,0x00000000d5d00000,0x00000000eaf80000)
  from space 163840K, 93% used [0x00000000eaf80000,0x00000000f45566f8,0x00000000f4f80000)
  to   space 180224K, 0% used [0x00000000f5000000,0x00000000f5000000,0x0000000100000000)
 ParOldGen       total 340480K, used 130717K [0x0000000081600000, 0x0000000096280000, 0x00000000d5d00000)
  object space 340480K, 38% used [0x0000000081600000,0x00000000895a7578,0x0000000096280000)
 Metaspace       used 12670K, capacity 12806K, committed 13056K, reserved 1060864K
  class space    used 1430K, capacity 1499K, committed 1536K, reserved 1048576K
}
Event: 547.269 GC heap before
{Heap before GC invocations=65 (full 11):
 PSYoungGen      total 510464K, used 479757K [0x00000000d5d00000, 0x0000000100000000, 0x0000000100000000)
  eden space 346624K, 94% used [0x00000000d5d00000,0x00000000e9bacfb0,0x00000000eaf80000)
  from space 163840K, 93% used [0x00000000eaf80000,0x00000000f45566f8,0x00000000f4f80000)
  to   space 180224K, 0% used [0x00000000f5000000,0x00000000f5000000,0x0000000100000000)
 ParOldGen       total 340480K, used 130717K [0x0000000081600000, 0x0000000096280000, 0x00000000d5d00000)
  object space 340480K, 38% used [0x0000000081600000,0x00000000895a7578,0x0000000096280000)
 Metaspace       used 12689K, capacity 12894K, committed 13056K, reserved 1060864K
  class space    used 1432K, capacity 1503K, committed 1536K, reserved 1048576K
Event: 547.439 GC heap after
Heap after GC invocations=65 (full 11):
 PSYoungGen      total 465920K, used 178598K [0x00000000d5d00000, 0x0000000100000000, 0x0000000100000000)
  eden space 285696K, 0% used [0x00000000d5d00000,0x00000000d5d00000,0x00000000e7400000)
  from space 180224K, 99% used [0x00000000f5000000,0x00000000ffe69b88,0x0000000100000000)
  to   space 202752K, 0% used [0x00000000e7400000,0x00000000e7400000,0x00000000f3a00000)
 ParOldGen       total 519680K, used 513101K [0x0000000081600000, 0x00000000a1180000, 0x00000000d5d00000)
  object space 519680K, 98% used [0x0000000081600000,0x00000000a0b13718,0x00000000a1180000)
 Metaspace       used 12689K, capacity 12894K, committed 13056K, reserved 1060864K
  class space    used 1432K, capacity 1503K, committed 1536K, reserved 1048576K
}
Event: 547.439 GC heap before
{Heap before GC invocations=66 (full 12):
 PSYoungGen      total 465920K, used 178598K [0x00000000d5d00000, 0x0000000100000000, 0x0000000100000000)
  eden space 285696K, 0% used [0x00000000d5d00000,0x00000000d5d00000,0x00000000e7400000)
  from space 180224K, 99% used [0x00000000f5000000,0x00000000ffe69b88,0x0000000100000000)
  to   space 202752K, 0% used [0x00000000e7400000,0x00000000e7400000,0x00000000f3a00000)
 ParOldGen       total 519680K, used 513101K [0x0000000081600000, 0x00000000a1180000, 0x00000000d5d00000)
  object space 519680K, 98% used [0x0000000081600000,0x00000000a0b13718,0x00000000a1180000)
 Metaspace       used 12689K, capacity 12894K, committed 13056K, reserved 1060864K
  class space    used 1432K, capacity 1503K, committed 1536K, reserved 1048576K

Deoptimization events (10 events):
Event: 512.909 Thread 0x0000000004bd2800 Uncommon trap: reason=class_check action=maybe_recompile pc=0x00000000050f51f4 method=java.awt.image.BufferedImage.getData(Ljava/awt/Rectangle;)Ljava/awt/image/Raster; @ 17
Event: 512.909 Thread 0x0000000004bd2800 Uncommon trap: reason=speculate_class_check action=maybe_recompile pc=0x00000000050dd1d0 method=java.awt.image.Raster.createWritableRaster(Ljava/awt/image/SampleModel;Ljava/awt/image/DataBuffer;Ljava/awt/Point;)Ljava/awt/image/WritableRaster; @ 38
Event: 512.913 Thread 0x0000000004bd2800 Uncommon trap: reason=class_check action=maybe_recompile pc=0x00000000050f51f4 method=java.awt.image.BufferedImage.getData(Ljava/awt/Rectangle;)Ljava/awt/image/Raster; @ 17
Event: 513.114 Thread 0x0000000004bd2800 Uncommon trap: reason=speculate_class_check action=maybe_recompile pc=0x0000000004e250f8 method=java.awt.image.Raster.createWritableRaster(Ljava/awt/image/SampleModel;Ljava/awt/image/DataBuffer;Ljava/awt/Point;)Ljava/awt/image/WritableRaster; @ 38
Event: 513.115 Thread 0x0000000004bd2800 Uncommon trap: reason=speculate_class_check action=maybe_recompile pc=0x0000000004e250f8 method=java.awt.image.Raster.createWritableRaster(Ljava/awt/image/SampleModel;Ljava/awt/image/DataBuffer;Ljava/awt/Point;)Ljava/awt/image/WritableRaster; @ 38
Event: 544.768 Thread 0x0000000004bd2800 Uncommon trap: reason=unstable_if action=reinterpret pc=0x00000000050609ac method=java.awt.image.PixelInterleavedSampleModel.createCompatibleSampleModel(II)Ljava/awt/image/SampleModel; @ 32
Event: 544.930 Thread 0x0000000004bd2800 Uncommon trap: reason=class_check action=maybe_recompile pc=0x0000000004f3d5d4 method=java.util.regex.Matcher.search(I)Z @ 86
Event: 544.930 Thread 0x0000000004bd2800 Uncommon trap: reason=class_check action=maybe_recompile pc=0x0000000004f3d5d4 method=java.util.regex.Matcher.search(I)Z @ 86
Event: 544.930 Thread 0x0000000004bd2800 Uncommon trap: reason=class_check action=maybe_recompile pc=0x0000000004f3d5d4 method=java.util.regex.Matcher.search(I)Z @ 86
Event: 544.930 Thread 0x0000000004bd2800 Uncommon trap: reason=class_check action=maybe_recompile pc=0x0000000004f3d5d4 method=java.util.regex.Matcher.search(I)Z @ 86

Classes redefined (0 events):
No events

Internal exceptions (10 events):
Event: 0.287 Thread 0x0000000004bd2800 Exception <a 'java/io/FileNotFoundException'> (0x00000000d60a3b90) thrown at [C:\re\workspace\8-2-build-windows-amd64-cygwin\jdk8u171\10807\hotspot\src\share\vm\prims\jni.cpp, line 709]
Event: 0.612 Thread 0x0000000004bd2800 Exception <a 'java/lang/UnsatisfiedLinkError': The specified module could not be found.
> (0x00000000d6413c50) thrown at [C:\re\workspace\8-2-build-windows-amd64-cygwin\jdk8u171\10807\hotspot\src\share\vm\prims\jni.cpp, line 735]
Event: 0.613 Thread 0x0000000004bd2800 Exception <a 'java/lang/UnsatisfiedLinkError': The specified module could not be found.
> (0x00000000d6413f90) thrown at [C:\re\workspace\8-2-build-windows-amd64-cygwin\jdk8u171\10807\hotspot\src\share\vm\prims\jni.cpp, line 735]
Event: 0.614 Thread 0x0000000004bd2800 Exception <a 'java/lang/UnsatisfiedLinkError': The specified module could not be found.
> (0x00000000d6414358) thrown at [C:\re\workspace\8-2-build-windows-amd64-cygwin\jdk8u171\10807\hotspot\src\share\vm\prims\jni.cpp, line 735]
Event: 0.615 Thread 0x0000000004bd2800 Exception <a 'java/lang/UnsatisfiedLinkError'> (0x00000000d64260d0) thrown at [C:\re\workspace\8-2-build-windows-amd64-cygwin\jdk8u171\10807\hotspot\src\share\vm\oops\instanceKlass.cpp, line 959]
Event: 0.618 Thread 0x0000000004bd2800 Exception <a 'java/lang/NoSuchMethodError': org.slf4j.impl.StaticMDCBinder.getSingleton()Lorg/slf4j/impl/StaticMDCBinder;> (0x00000000d644cbb8) thrown at [C:\re\workspace\8-2-build-windows-amd64-cygwin\jdk8u171\10807\hotspot\src\share\vm\interpreter\linkR
Event: 0.664 Thread 0x0000000004bd2800 Exception <a 'java/io/FileNotFoundException'> (0x00000000d6692110) thrown at [C:\re\workspace\8-2-build-windows-amd64-cygwin\jdk8u171\10807\hotspot\src\share\vm\prims\jni.cpp, line 709]
Event: 0.703 Thread 0x0000000004bd2800 Exception <a 'java/lang/NoSuchFieldError': method resolution failed> (0x00000000d6762348) thrown at [C:\re\workspace\8-2-build-windows-amd64-cygwin\jdk8u171\10807\hotspot\src\share\vm\prims\methodHandles.cpp, line 1167]
Event: 0.709 Thread 0x0000000004bd2800 Exception <a 'java/lang/NoSuchFieldError': method resolution failed> (0x00000000d676fa38) thrown at [C:\re\workspace\8-2-build-windows-amd64-cygwin\jdk8u171\10807\hotspot\src\share\vm\prims\methodHandles.cpp, line 1167]
Event: 0.921 Thread 0x0000000004bd2800 Exception <a 'java/io/FileNotFoundException'> (0x00000000d6fb0060) thrown at [C:\re\workspace\8-2-build-windows-amd64-cygwin\jdk8u171\10807\hotspot\src\share\vm\prims\jni.cpp, line 709]

Events (10 events):
Event: 544.930 Thread 0x0000000004bd2800 DEOPT UNPACKING pc=0x0000000004d1583b sp=0x0000000004bcef28 mode 2
Event: 544.930 Thread 0x0000000004bd2800 Uncommon trap: trap_request=0xffffffde fr.pc=0x0000000004f3d5d4
Event: 544.930 Thread 0x0000000004bd2800 DEOPT PACKING pc=0x0000000004f3d5d4 sp=0x0000000004bcef70
Event: 544.930 Thread 0x0000000004bd2800 DEOPT UNPACKING pc=0x0000000004d1583b sp=0x0000000004bcef28 mode 2
Event: 544.930 Thread 0x0000000004bd2800 Uncommon trap: trap_request=0xffffffde fr.pc=0x0000000004f3d5d4
Event: 544.930 Thread 0x0000000004bd2800 DEOPT PACKING pc=0x0000000004f3d5d4 sp=0x0000000004bcef70
Event: 544.930 Thread 0x0000000004bd2800 DEOPT UNPACKING pc=0x0000000004d1583b sp=0x0000000004bcef28 mode 2
Event: 545.678 Executing VM operation: ParallelGCFailedAllocation
Event: 545.714 Executing VM operation: ParallelGCFailedAllocation done
Event: 547.269 Executing VM operation: ParallelGCFailedAllocation


Dynamic libraries:
0x00007ff693240000 - 0x00007ff693277000 	C:\Program Files\Java\jre1.8.0_171\bin\javaw.exe
0x00007fffcb910000 - 0x00007fffcbaf0000 	C:\WINDOWS\SYSTEM32\ntdll.dll
0x00007fffcb650000 - 0x00007fffcb6fe000 	C:\WINDOWS\System32\KERNEL32.DLL
0x00007fffc7d30000 - 0x00007fffc7f96000 	C:\WINDOWS\System32\KERNELBASE.dll
0x00007fffcb340000 - 0x00007fffcb3e1000 	C:\WINDOWS\System32\ADVAPI32.dll
0x00007fffcae50000 - 0x00007fffcaeed000 	C:\WINDOWS\System32\msvcrt.dll
0x00007fffca3a0000 - 0x00007fffca3fb000 	C:\WINDOWS\System32\sechost.dll
0x00007fffca8b0000 - 0x00007fffca9cf000 	C:\WINDOWS\System32\RPCRT4.dll
0x00007fffcabc0000 - 0x00007fffcad4f000 	C:\WINDOWS\System32\USER32.dll
0x00007fffc7d10000 - 0x00007fffc7d30000 	C:\WINDOWS\System32\win32u.dll
0x00007fffcae20000 - 0x00007fffcae48000 	C:\WINDOWS\System32\GDI32.dll
0x00007fffc87c0000 - 0x00007fffc8953000 	C:\WINDOWS\System32\gdi32full.dll
0x00007fffc8b10000 - 0x00007fffc8bab000 	C:\WINDOWS\System32\msvcp_win.dll
0x00007fffc8a10000 - 0x00007fffc8b06000 	C:\WINDOWS\System32\ucrtbase.dll
0x00007fffb7fe0000 - 0x00007fffb8249000 	C:\WINDOWS\WinSxS\amd64_microsoft.windows.common-controls_6595b64144ccf1df_6.0.16299.492_none_15c8d3609364b9b0\COMCTL32.dll
0x00007fffca5a0000 - 0x00007fffca8a7000 	C:\WINDOWS\System32\combase.dll
0x00007fffc86f0000 - 0x00007fffc8762000 	C:\WINDOWS\System32\bcryptPrimitives.dll
0x00007fffca570000 - 0x00007fffca59d000 	C:\WINDOWS\System32\IMM32.DLL
0x000000006a0c0000 - 0x000000006a192000 	C:\Program Files\Java\jre1.8.0_171\bin\msvcr100.dll
0x000000006a350000 - 0x000000006abf0000 	C:\Program Files\Java\jre1.8.0_171\bin\server\jvm.dll
0x00007fffcb760000 - 0x00007fffcb768000 	C:\WINDOWS\System32\PSAPI.DLL
0x00007fffb6b60000 - 0x00007fffb6b6a000 	C:\WINDOWS\SYSTEM32\VERSION.dll
0x00007fffc5c40000 - 0x00007fffc5c63000 	C:\WINDOWS\SYSTEM32\WINMM.dll
0x00007fffc4160000 - 0x00007fffc4169000 	C:\WINDOWS\SYSTEM32\WSOCK32.dll
0x00007fffc8de0000 - 0x00007fffc8e4c000 	C:\WINDOWS\System32\WS2_32.dll
0x00007fffc5c10000 - 0x00007fffc5c3a000 	C:\WINDOWS\SYSTEM32\WINMMBASE.dll
0x00007fffc8770000 - 0x00007fffc87ba000 	C:\WINDOWS\System32\cfgmgr32.dll
0x000000006a260000 - 0x000000006a26f000 	C:\Program Files\Java\jre1.8.0_171\bin\verify.dll
0x000000006a230000 - 0x000000006a259000 	C:\Program Files\Java\jre1.8.0_171\bin\java.dll
0x000000006a210000 - 0x000000006a226000 	C:\Program Files\Java\jre1.8.0_171\bin\zip.dll
0x00007fffc8f60000 - 0x00007fffca398000 	C:\WINDOWS\System32\SHELL32.dll
0x00007fffcad70000 - 0x00007fffcae16000 	C:\WINDOWS\System32\shcore.dll
0x00007fffc7fa0000 - 0x00007fffc86e7000 	C:\WINDOWS\System32\windows.storage.dll
0x00007fffcb5f0000 - 0x00007fffcb641000 	C:\WINDOWS\System32\shlwapi.dll
0x00007fffc7cd0000 - 0x00007fffc7ce1000 	C:\WINDOWS\System32\kernel.appcore.dll
0x00007fffc7c60000 - 0x00007fffc7cac000 	C:\WINDOWS\System32\powrprof.dll
0x00007fffc7cb0000 - 0x00007fffc7ccb000 	C:\WINDOWS\System32\profapi.dll
0x00007fffc7650000 - 0x00007fffc7667000 	C:\WINDOWS\SYSTEM32\CRYPTSP.dll
0x00007fffc7090000 - 0x00007fffc70c3000 	C:\WINDOWS\system32\rsaenh.dll
0x00007fffc77c0000 - 0x00007fffc77e5000 	C:\WINDOWS\SYSTEM32\bcrypt.dll
0x00007fffc7b90000 - 0x00007fffc7bb9000 	C:\WINDOWS\SYSTEM32\USERENV.dll
0x00007fffc7670000 - 0x00007fffc767b000 	C:\WINDOWS\SYSTEM32\CRYPTBASE.dll
0x000000006a1f0000 - 0x000000006a20a000 	C:\Program Files\Java\jre1.8.0_171\bin\net.dll
0x00007fffc7490000 - 0x00007fffc74f6000 	C:\WINDOWS\system32\mswsock.dll
0x00007fffc7220000 - 0x00007fffc7259000 	C:\WINDOWS\SYSTEM32\IPHLPAPI.DLL
0x00007fffcad50000 - 0x00007fffcad58000 	C:\WINDOWS\System32\NSI.dll
0x00007fffc10f0000 - 0x00007fffc1106000 	C:\WINDOWS\SYSTEM32\dhcpcsvc6.DLL
0x00007fffc2170000 - 0x00007fffc218a000 	C:\WINDOWS\SYSTEM32\dhcpcsvc.DLL
0x000000006a1d0000 - 0x000000006a1e1000 	C:\Program Files\Java\jre1.8.0_171\bin\nio.dll
0x0000000180000000 - 0x0000000180038000 	C:\Users\KUMAIL\AppData\Local\Temp\jna--2066922975\jna1756241054626218975.dll
0x0000000069f00000 - 0x000000006a098000 	C:\Program Files\Java\jre1.8.0_171\bin\awt.dll
0x00007fffca4a0000 - 0x00007fffca565000 	C:\WINDOWS\System32\OLEAUT32.dll
0x00007fffc5e70000 - 0x00007fffc5ef8000 	C:\WINDOWS\SYSTEM32\apphelp.dll
0x0000000069ec0000 - 0x0000000069efe000 	C:\Program Files\Java\jre1.8.0_171\bin\lcms.dll
0x00007fffc6260000 - 0x00007fffc628a000 	C:\WINDOWS\system32\DWMAPI.DLL
0x00007fffc6170000 - 0x00007fffc6205000 	C:\WINDOWS\system32\uxtheme.dll

VM Arguments:
jvm_args: -Dfile.encoding=Cp1252 
java_command: testOCR.test
java_class_path (initial): C:\Program Files\Java\jre1.8.0_171\lib\resources.jar;C:\Program Files\Java\jre1.8.0_171\lib\rt.jar;C:\Program Files\Java\jre1.8.0_171\lib\jsse.jar;C:\Program Files\Java\jre1.8.0_171\lib\jce.jar;C:\Program Files\Java\jre1.8.0_171\lib\charsets.jar;C:\Program Files\Java\jre1.8.0_171\lib\jfr.jar;C:\Program Files\Java\jre1.8.0_171\lib\ext\access-bridge-64.jar;C:\Program Files\Java\jre1.8.0_171\lib\ext\cldrdata.jar;C:\Program Files\Java\jre1.8.0_171\lib\ext\dnsns.jar;C:\Program Files\Java\jre1.8.0_171\lib\ext\jaccess.jar;C:\Program Files\Java\jre1.8.0_171\lib\ext\jfxrt.jar;C:\Program Files\Java\jre1.8.0_171\lib\ext\localedata.jar;C:\Program Files\Java\jre1.8.0_171\lib\ext\nashorn.jar;C:\Program Files\Java\jre1.8.0_171\lib\ext\sunec.jar;C:\Program Files\Java\jre1.8.0_171\lib\ext\sunjce_provider.jar;C:\Program Files\Java\jre1.8.0_171\lib\ext\sunmscapi.jar;C:\Program Files\Java\jre1.8.0_171\lib\ext\sunpkcs11.jar;C:\Program Files\Java\jre1.8.0_171\lib\ext\zipfs.jar;C:\Users\KUMAIL\ISYS358\OCR\bin;C:\Users\KUMAIL\ISYS358\OCR\lib\commons-io-2.6.jar;C:\Users\KUMAIL\ISYS358\OCR\lib\ghost4j-1.0.1.jar;C:\Users\KUMAIL\ISYS358\OCR\lib\jai-imageio-core-1.4.0.jar;C:\Users\KUMAIL\ISYS358\OCR\lib\jna-4.1.0.jar;C:\Users\KUMAIL\ISYS358\OCR\lib\junit-4.12.jar;C:\Users\KUMAIL\ISYS358\OCR\lib\lept4j-1.6.4.jar;C:\Users\KUMAIL\ISYS358\OCR\lib\tess4j-3.4.8.jar;C:\Users\KUMAIL\ISYS358\OCR\lib\jul-to-slf4j-1.7.25.jar;C:\Users\KUMAIL\ISYS358\OCR\lib\log4j-1.2.17.jar;C:\Users\KUMAIL\ISYS358\OCR\lib\log4j-over-slf4j-1.7.25.jar;C:\Users\KUMAIL\ISYS358\OCR\lib\logback-classic-1.2.3.jar;C:\Users\KUMAIL\ISYS358\OCR\lib\logback-core-1.2.3.jar;C:\Users\KUMAIL\ISYS358\OCR\lib\slf4j-api-1.7.25.jar;C:\Users\KUMAIL\ISYS358\OCR\lib\commons-beanutils-1.9.2.jar;C:\Users\KUMAIL\ISYS358\OCR\lib\commons-logging-1.2.jar;C:\Users\KUMAIL\ISYS358\OCR\lib\fontbox-2.0.9.jar;C:\Users\KUMAIL\ISYS358\OCR\lib\hamcrest-core-1.3.jar;C:\Users\KUMAIL\ISYS358\OCR\lib\itext-2.1.7.jar;C:\Users\KUMAIL\ISY
Launcher Type: SUN_STANDARD

Environment Variables:
PATH=C:/Program Files/Java/jre1.8.0_171/bin/server;C:/Program Files/Java/jre1.8.0_171/bin;C:/Program Files/Java/jre1.8.0_171/lib/amd64;C:\Program Files (x86)\Common Files\Oracle\Java\javapath;C:\ProgramData\Oracle\Java\javapath;C:\Program Files (x86)\Intel\iCLS Client\;C:\Program Files\Intel\iCLS Client\;C:\Windows\system32;C:\Windows;C:\Windows\System32\Wbem;C:\Windows\System32\WindowsPowerShell\v1.0\;C:\MinGW\bin\;C:\WINDOWS\system32;C:\WINDOWS;C:\WINDOWS\System32\Wbem;C:\WINDOWS\System32\WindowsPowerShell\v1.0\;C:\Users\KUMAIL\AppData\Local\Microsoft\WindowsApps;;C:\Users\KUMAIL\Desktop;
USERNAME=KUMAIL
OS=Windows_NT
PROCESSOR_IDENTIFIER=Intel64 Family 6 Model 69 Stepping 1, GenuineIntel



---------------  S Y S T E M  ---------------

OS: Windows 10.0 , 64 bit Build 16299 (10.0.16299.431)

CPU:total 4 (initial active 4) (2 cores per cpu, 2 threads per core) family 6 model 69 stepping 1, cmov, cx8, fxsr, mmx, sse, sse2, sse3, ssse3, sse4.1, sse4.2, popcnt, avx, avx2, aes, clmul, erms, lzcnt, ht, tsc, tscinvbit, bmi1, bmi2

Memory: 4k page, physical 8294656k(965048k free), swap 12276592k(4300k free)

vm_info: Java HotSpot(TM) 64-Bit Server VM (25.171-b11) for windows-amd64 JRE (1.8.0_171-b11), built on Mar 28 2018 16:06:12 by "java_re" with MS VC++ 10.0 (VS2010)

time: Wed Oct 03 11:42:55 2018
elapsed time: 547 seconds (0d 0h 9m 7s)

